INFO 2024-04-28 19:57:25,226 autoreload 668 Watching for file changes with StatReloader
INFO 2024-04-28 19:58:44,415 autoreload 266 E:\桌面\计算机\全栈\django\django项目\kefu\kefu\settings.py changed, reloading.
INFO 2024-04-28 19:58:44,827 autoreload 668 Watching for file changes with StatReloader
INFO 2024-04-28 19:58:52,015 autoreload 668 Watching for file changes with StatReloader
INFO 2024-04-28 19:59:17,607 autoreload 668 Watching for file changes with StatReloader
INFO 2024-04-28 20:01:49,306 autoreload 668 Watching for file changes with StatReloader
INFO 2024-04-28 20:04:10,741 autoreload 266 E:\桌面\计算机\全栈\django\django项目\kefu\kefu\settings.py changed, reloading.
INFO 2024-04-28 20:04:11,371 autoreload 668 Watching for file changes with StatReloader
INFO 2024-04-28 20:04:31,452 autoreload 266 E:\桌面\计算机\全栈\django\django项目\kefu\kefu\settings.py changed, reloading.
INFO 2024-04-28 20:04:31,905 autoreload 668 Watching for file changes with StatReloader
INFO 2024-04-28 20:04:34,640 autoreload 668 Watching for file changes with StatReloader
INFO 2024-04-28 20:04:52,750 autoreload 266 E:\桌面\计算机\全栈\django\django项目\kefu\kefu\settings.py changed, reloading.
INFO 2024-04-28 20:05:36,061 autoreload 668 Watching for file changes with StatReloader
INFO 2024-04-28 20:06:54,850 autoreload 668 Watching for file changes with StatReloader
INFO 2024-04-28 20:07:23,374 autoreload 266 E:\桌面\计算机\全栈\django\django项目\kefu\kefu\urls.py changed, reloading.
INFO 2024-04-28 20:07:24,006 autoreload 668 Watching for file changes with StatReloader
INFO 2024-04-28 20:07:36,768 autoreload 668 Watching for file changes with StatReloader
INFO 2024-04-28 20:09:45,055 autoreload 668 Watching for file changes with StatReloader
WARNING 2024-04-28 20:10:13,301 log 241 Not Found: /
WARNING 2024-04-28 20:10:13,303 basehttp 212 "GET / HTTP/1.1" 404 2209
WARNING 2024-04-28 20:10:13,312 log 241 Not Found: /
WARNING 2024-04-28 20:10:13,313 basehttp 212 "GET / HTTP/1.1" 404 2209
WARNING 2024-04-28 20:10:13,371 log 241 Not Found: /
WARNING 2024-04-28 20:10:13,371 basehttp 212 "GET / HTTP/1.1" 404 2209
WARNING 2024-04-28 20:10:13,382 log 241 Not Found: /
WARNING 2024-04-28 20:10:13,383 basehttp 212 "GET / HTTP/1.1" 404 2209
WARNING 2024-04-28 20:10:13,531 log 241 Not Found: /favicon.ico
WARNING 2024-04-28 20:10:13,532 basehttp 212 "GET /favicon.ico HTTP/1.1" 404 2260
WARNING 2024-04-28 20:10:13,543 log 241 Not Found: /favicon.ico
WARNING 2024-04-28 20:10:13,544 basehttp 212 "GET /favicon.ico HTTP/1.1" 404 2260
WARNING 2024-04-28 20:10:13,554 log 241 Not Found: /favicon.ico
WARNING 2024-04-28 20:10:13,554 basehttp 212 "GET /favicon.ico HTTP/1.1" 404 2260
INFO 2024-04-28 20:10:20,099 basehttp 212 "GET /home HTTP/1.1" 301 0
INFO 2024-04-28 20:10:20,102 basehttp 212 "GET /home/ HTTP/1.1" 200 18
INFO 2024-04-28 20:12:13,538 autoreload 668 Watching for file changes with StatReloader
INFO 2024-04-28 20:12:16,838 autoreload 668 Watching for file changes with StatReloader
INFO 2024-04-28 20:14:08,456 autoreload 266 E:\桌面\计算机\全栈\django\django项目\kefu\app\rengong\views.py changed, reloading.
INFO 2024-04-28 20:14:08,963 autoreload 668 Watching for file changes with StatReloader
INFO 2024-04-28 20:14:14,664 autoreload 266 E:\桌面\计算机\全栈\django\django项目\kefu\app\rengong\views.py changed, reloading.
INFO 2024-04-28 20:14:15,138 autoreload 668 Watching for file changes with StatReloader
INFO 2024-04-28 20:14:35,395 autoreload 266 E:\桌面\计算机\全栈\django\django项目\kefu\app\rengong\views.py changed, reloading.
INFO 2024-04-28 20:14:35,849 autoreload 668 Watching for file changes with StatReloader
INFO 2024-04-28 20:14:45,664 autoreload 266 E:\桌面\计算机\全栈\django\django项目\kefu\app\rengong\views.py changed, reloading.
INFO 2024-04-28 20:14:46,106 autoreload 668 Watching for file changes with StatReloader
INFO 2024-04-28 20:14:50,632 autoreload 668 Watching for file changes with StatReloader
WARNING 2024-04-28 20:14:55,539 log 241 Not Found: /
WARNING 2024-04-28 20:14:55,540 basehttp 212 "GET / HTTP/1.1" 404 2209
WARNING 2024-04-28 20:14:55,545 log 241 Not Found: /
WARNING 2024-04-28 20:14:55,546 basehttp 212 "GET / HTTP/1.1" 404 2209
WARNING 2024-04-28 20:14:55,713 log 241 Not Found: /favicon.ico
WARNING 2024-04-28 20:14:55,715 basehttp 212 "GET /favicon.ico HTTP/1.1" 404 2260
ERROR 2024-04-28 20:15:00,357 log 241 Internal Server Error: /home/
Traceback (most recent call last):
  File "E:\桌面\计算机\全栈\django\ven_dj\Lib\site-packages\django\core\handlers\exception.py", line 55, in inner
    response = get_response(request)
               ^^^^^^^^^^^^^^^^^^^^^
  File "E:\桌面\计算机\全栈\django\ven_dj\Lib\site-packages\django\core\handlers\base.py", line 197, in _get_response
    response = wrapped_callback(request, *callback_args, **callback_kwargs)
               ^^^^^^^^^^^^^^^^^^^^^^^^^^^^^^^^^^^^^^^^^^^^^^^^^^^^^^^^^^^^
  File "E:\桌面\计算机\全栈\django\django项目\kefu\app\rengong\views.py", line 12, in index
    return render(request, '客服/service.html.html')
           ^^^^^^^^^^^^^^^^^^^^^^^^^^^^^^^^^^^^^^^
  File "E:\桌面\计算机\全栈\django\ven_dj\Lib\site-packages\django\shortcuts.py", line 25, in render
    content = loader.render_to_string(template_name, context, request, using=using)
              ^^^^^^^^^^^^^^^^^^^^^^^^^^^^^^^^^^^^^^^^^^^^^^^^^^^^^^^^^^^^^^^^^^^^^
  File "E:\桌面\计算机\全栈\django\ven_dj\Lib\site-packages\django\template\loader.py", line 61, in render_to_string
    template = get_template(template_name, using=using)
               ^^^^^^^^^^^^^^^^^^^^^^^^^^^^^^^^^^^^^^^^
  File "E:\桌面\计算机\全栈\django\ven_dj\Lib\site-packages\django\template\loader.py", line 19, in get_template
    raise TemplateDoesNotExist(template_name, chain=chain)
django.template.exceptions.TemplateDoesNotExist: 客服/service.html.html
ERROR 2024-04-28 20:15:00,358 basehttp 212 "GET /home/ HTTP/1.1" 500 87539
ERROR 2024-04-28 20:15:00,456 log 241 Internal Server Error: /home/
Traceback (most recent call last):
  File "E:\桌面\计算机\全栈\django\ven_dj\Lib\site-packages\django\core\handlers\exception.py", line 55, in inner
    response = get_response(request)
               ^^^^^^^^^^^^^^^^^^^^^
  File "E:\桌面\计算机\全栈\django\ven_dj\Lib\site-packages\django\core\handlers\base.py", line 197, in _get_response
    response = wrapped_callback(request, *callback_args, **callback_kwargs)
               ^^^^^^^^^^^^^^^^^^^^^^^^^^^^^^^^^^^^^^^^^^^^^^^^^^^^^^^^^^^^
  File "E:\桌面\计算机\全栈\django\django项目\kefu\app\rengong\views.py", line 12, in index
    return render(request, '客服/service.html.html')
           ^^^^^^^^^^^^^^^^^^^^^^^^^^^^^^^^^^^^^^^
  File "E:\桌面\计算机\全栈\django\ven_dj\Lib\site-packages\django\shortcuts.py", line 25, in render
    content = loader.render_to_string(template_name, context, request, using=using)
              ^^^^^^^^^^^^^^^^^^^^^^^^^^^^^^^^^^^^^^^^^^^^^^^^^^^^^^^^^^^^^^^^^^^^^
  File "E:\桌面\计算机\全栈\django\ven_dj\Lib\site-packages\django\template\loader.py", line 61, in render_to_string
    template = get_template(template_name, using=using)
               ^^^^^^^^^^^^^^^^^^^^^^^^^^^^^^^^^^^^^^^^
  File "E:\桌面\计算机\全栈\django\ven_dj\Lib\site-packages\django\template\loader.py", line 19, in get_template
    raise TemplateDoesNotExist(template_name, chain=chain)
django.template.exceptions.TemplateDoesNotExist: 客服/service.html.html
ERROR 2024-04-28 20:15:00,458 basehttp 212 "GET /home/ HTTP/1.1" 500 87265
INFO 2024-04-28 20:15:24,984 autoreload 266 E:\桌面\计算机\全栈\django\django项目\kefu\app\rengong\views.py changed, reloading.
INFO 2024-04-28 20:15:25,434 autoreload 668 Watching for file changes with StatReloader
ERROR 2024-04-28 20:15:28,592 log 241 Internal Server Error: /home/
Traceback (most recent call last):
  File "E:\桌面\计算机\全栈\django\ven_dj\Lib\site-packages\django\core\handlers\exception.py", line 55, in inner
    response = get_response(request)
               ^^^^^^^^^^^^^^^^^^^^^
  File "E:\桌面\计算机\全栈\django\ven_dj\Lib\site-packages\django\core\handlers\base.py", line 197, in _get_response
    response = wrapped_callback(request, *callback_args, **callback_kwargs)
               ^^^^^^^^^^^^^^^^^^^^^^^^^^^^^^^^^^^^^^^^^^^^^^^^^^^^^^^^^^^^
  File "E:\桌面\计算机\全栈\django\django项目\kefu\app\rengong\views.py", line 12, in index
    return render(request, '客服/new_service.html.html')
           ^^^^^^^^^^^^^^^^^^^^^^^^^^^^^^^^^^^^^^^^^^^
  File "E:\桌面\计算机\全栈\django\ven_dj\Lib\site-packages\django\shortcuts.py", line 25, in render
    content = loader.render_to_string(template_name, context, request, using=using)
              ^^^^^^^^^^^^^^^^^^^^^^^^^^^^^^^^^^^^^^^^^^^^^^^^^^^^^^^^^^^^^^^^^^^^^
  File "E:\桌面\计算机\全栈\django\ven_dj\Lib\site-packages\django\template\loader.py", line 61, in render_to_string
    template = get_template(template_name, using=using)
               ^^^^^^^^^^^^^^^^^^^^^^^^^^^^^^^^^^^^^^^^
  File "E:\桌面\计算机\全栈\django\ven_dj\Lib\site-packages\django\template\loader.py", line 19, in get_template
    raise TemplateDoesNotExist(template_name, chain=chain)
django.template.exceptions.TemplateDoesNotExist: 客服/new_service.html.html
ERROR 2024-04-28 20:15:28,595 basehttp 212 "GET /home/ HTTP/1.1" 500 87474
INFO 2024-04-28 20:16:08,794 autoreload 266 E:\桌面\计算机\全栈\django\django项目\kefu\app\rengong\views.py changed, reloading.
INFO 2024-04-28 20:16:09,265 autoreload 668 Watching for file changes with StatReloader
ERROR 2024-04-28 20:16:11,488 log 241 Internal Server Error: /home/
Traceback (most recent call last):
  File "E:\桌面\计算机\全栈\django\ven_dj\Lib\site-packages\django\core\handlers\exception.py", line 55, in inner
    response = get_response(request)
               ^^^^^^^^^^^^^^^^^^^^^
  File "E:\桌面\计算机\全栈\django\ven_dj\Lib\site-packages\django\core\handlers\base.py", line 197, in _get_response
    response = wrapped_callback(request, *callback_args, **callback_kwargs)
               ^^^^^^^^^^^^^^^^^^^^^^^^^^^^^^^^^^^^^^^^^^^^^^^^^^^^^^^^^^^^
  File "E:\桌面\计算机\全栈\django\django项目\kefu\app\rengong\views.py", line 12, in index
    return render(request, 'templates/客服/new_service.html.html')
           ^^^^^^^^^^^^^^^^^^^^^^^^^^^^^^^^^^^^^^^^^^^^^^^^^^^^^
  File "E:\桌面\计算机\全栈\django\ven_dj\Lib\site-packages\django\shortcuts.py", line 25, in render
    content = loader.render_to_string(template_name, context, request, using=using)
              ^^^^^^^^^^^^^^^^^^^^^^^^^^^^^^^^^^^^^^^^^^^^^^^^^^^^^^^^^^^^^^^^^^^^^
  File "E:\桌面\计算机\全栈\django\ven_dj\Lib\site-packages\django\template\loader.py", line 61, in render_to_string
    template = get_template(template_name, using=using)
               ^^^^^^^^^^^^^^^^^^^^^^^^^^^^^^^^^^^^^^^^
  File "E:\桌面\计算机\全栈\django\ven_dj\Lib\site-packages\django\template\loader.py", line 19, in get_template
    raise TemplateDoesNotExist(template_name, chain=chain)
django.template.exceptions.TemplateDoesNotExist: templates/客服/new_service.html.html
ERROR 2024-04-28 20:16:11,490 basehttp 212 "GET /home/ HTTP/1.1" 500 87654
INFO 2024-04-28 20:16:49,549 autoreload 266 E:\桌面\计算机\全栈\django\django项目\kefu\kefu\settings.py changed, reloading.
INFO 2024-04-28 20:16:49,990 autoreload 668 Watching for file changes with StatReloader
ERROR 2024-04-28 20:16:51,057 log 241 Internal Server Error: /home/
Traceback (most recent call last):
  File "E:\桌面\计算机\全栈\django\ven_dj\Lib\site-packages\django\core\handlers\exception.py", line 55, in inner
    response = get_response(request)
               ^^^^^^^^^^^^^^^^^^^^^
  File "E:\桌面\计算机\全栈\django\ven_dj\Lib\site-packages\django\core\handlers\base.py", line 197, in _get_response
    response = wrapped_callback(request, *callback_args, **callback_kwargs)
               ^^^^^^^^^^^^^^^^^^^^^^^^^^^^^^^^^^^^^^^^^^^^^^^^^^^^^^^^^^^^
  File "E:\桌面\计算机\全栈\django\django项目\kefu\app\rengong\views.py", line 12, in index
    return render(request, 'templates/客服/new_service.html.html')
           ^^^^^^^^^^^^^^^^^^^^^^^^^^^^^^^^^^^^^^^^^^^^^^^^^^^^^
  File "E:\桌面\计算机\全栈\django\ven_dj\Lib\site-packages\django\shortcuts.py", line 25, in render
    content = loader.render_to_string(template_name, context, request, using=using)
              ^^^^^^^^^^^^^^^^^^^^^^^^^^^^^^^^^^^^^^^^^^^^^^^^^^^^^^^^^^^^^^^^^^^^^
  File "E:\桌面\计算机\全栈\django\ven_dj\Lib\site-packages\django\template\loader.py", line 61, in render_to_string
    template = get_template(template_name, using=using)
               ^^^^^^^^^^^^^^^^^^^^^^^^^^^^^^^^^^^^^^^^
  File "E:\桌面\计算机\全栈\django\ven_dj\Lib\site-packages\django\template\loader.py", line 19, in get_template
    raise TemplateDoesNotExist(template_name, chain=chain)
django.template.exceptions.TemplateDoesNotExist: templates/客服/new_service.html.html
ERROR 2024-04-28 20:16:51,059 basehttp 212 "GET /home/ HTTP/1.1" 500 145
INFO 2024-04-28 20:17:01,944 autoreload 266 E:\桌面\计算机\全栈\django\django项目\kefu\app\rengong\views.py changed, reloading.
INFO 2024-04-28 20:17:02,396 autoreload 668 Watching for file changes with StatReloader
ERROR 2024-04-28 20:17:02,585 log 241 Internal Server Error: /home/
Traceback (most recent call last):
  File "E:\桌面\计算机\全栈\django\ven_dj\Lib\site-packages\django\core\handlers\exception.py", line 55, in inner
    response = get_response(request)
               ^^^^^^^^^^^^^^^^^^^^^
  File "E:\桌面\计算机\全栈\django\ven_dj\Lib\site-packages\django\core\handlers\base.py", line 197, in _get_response
    response = wrapped_callback(request, *callback_args, **callback_kwargs)
               ^^^^^^^^^^^^^^^^^^^^^^^^^^^^^^^^^^^^^^^^^^^^^^^^^^^^^^^^^^^^
  File "E:\桌面\计算机\全栈\django\django项目\kefu\app\rengong\views.py", line 12, in index
    return render(request, '客服/new_service.html.html')
           ^^^^^^^^^^^^^^^^^^^^^^^^^^^^^^^^^^^^^^^^^^^
  File "E:\桌面\计算机\全栈\django\ven_dj\Lib\site-packages\django\shortcuts.py", line 25, in render
    content = loader.render_to_string(template_name, context, request, using=using)
              ^^^^^^^^^^^^^^^^^^^^^^^^^^^^^^^^^^^^^^^^^^^^^^^^^^^^^^^^^^^^^^^^^^^^^
  File "E:\桌面\计算机\全栈\django\ven_dj\Lib\site-packages\django\template\loader.py", line 61, in render_to_string
    template = get_template(template_name, using=using)
               ^^^^^^^^^^^^^^^^^^^^^^^^^^^^^^^^^^^^^^^^
  File "E:\桌面\计算机\全栈\django\ven_dj\Lib\site-packages\django\template\loader.py", line 19, in get_template
    raise TemplateDoesNotExist(template_name, chain=chain)
django.template.exceptions.TemplateDoesNotExist: 客服/new_service.html.html
ERROR 2024-04-28 20:17:02,587 basehttp 212 "GET /home/ HTTP/1.1" 500 145
ERROR 2024-04-28 20:17:06,977 log 241 Internal Server Error: /home/
Traceback (most recent call last):
  File "E:\桌面\计算机\全栈\django\ven_dj\Lib\site-packages\django\core\handlers\exception.py", line 55, in inner
    response = get_response(request)
               ^^^^^^^^^^^^^^^^^^^^^
  File "E:\桌面\计算机\全栈\django\ven_dj\Lib\site-packages\django\core\handlers\base.py", line 197, in _get_response
    response = wrapped_callback(request, *callback_args, **callback_kwargs)
               ^^^^^^^^^^^^^^^^^^^^^^^^^^^^^^^^^^^^^^^^^^^^^^^^^^^^^^^^^^^^
  File "E:\桌面\计算机\全栈\django\django项目\kefu\app\rengong\views.py", line 12, in index
    return render(request, '客服/new_service.html.html')
           ^^^^^^^^^^^^^^^^^^^^^^^^^^^^^^^^^^^^^^^^^^^
  File "E:\桌面\计算机\全栈\django\ven_dj\Lib\site-packages\django\shortcuts.py", line 25, in render
    content = loader.render_to_string(template_name, context, request, using=using)
              ^^^^^^^^^^^^^^^^^^^^^^^^^^^^^^^^^^^^^^^^^^^^^^^^^^^^^^^^^^^^^^^^^^^^^
  File "E:\桌面\计算机\全栈\django\ven_dj\Lib\site-packages\django\template\loader.py", line 61, in render_to_string
    template = get_template(template_name, using=using)
               ^^^^^^^^^^^^^^^^^^^^^^^^^^^^^^^^^^^^^^^^
  File "E:\桌面\计算机\全栈\django\ven_dj\Lib\site-packages\django\template\loader.py", line 19, in get_template
    raise TemplateDoesNotExist(template_name, chain=chain)
django.template.exceptions.TemplateDoesNotExist: 客服/new_service.html.html
ERROR 2024-04-28 20:17:06,978 basehttp 212 "GET /home/ HTTP/1.1" 500 145
WARNING 2024-04-28 20:17:13,545 log 241 Not Found: /
WARNING 2024-04-28 20:17:13,546 basehttp 212 "GET / HTTP/1.1" 404 179
WARNING 2024-04-28 20:17:16,251 log 241 Not Found: /
WARNING 2024-04-28 20:17:16,251 basehttp 212 "GET / HTTP/1.1" 404 179
WARNING 2024-04-28 20:17:16,262 log 241 Not Found: /
WARNING 2024-04-28 20:17:16,263 basehttp 212 "GET / HTTP/1.1" 404 179
INFO 2024-04-28 20:17:44,553 autoreload 266 E:\桌面\计算机\全栈\django\django项目\kefu\kefu\settings.py changed, reloading.
INFO 2024-04-28 20:17:44,976 autoreload 668 Watching for file changes with StatReloader
WARNING 2024-04-28 20:18:11,899 log 241 Not Found: /
WARNING 2024-04-28 20:18:11,901 basehttp 212 "GET / HTTP/1.1" 404 2209
WARNING 2024-04-28 20:18:11,907 log 241 Not Found: /
WARNING 2024-04-28 20:18:11,908 basehttp 212 "GET / HTTP/1.1" 404 2209
ERROR 2024-04-28 20:18:17,717 log 241 Internal Server Error: /home/
Traceback (most recent call last):
  File "E:\桌面\计算机\全栈\django\ven_dj\Lib\site-packages\django\core\handlers\exception.py", line 55, in inner
    response = get_response(request)
               ^^^^^^^^^^^^^^^^^^^^^
  File "E:\桌面\计算机\全栈\django\ven_dj\Lib\site-packages\django\core\handlers\base.py", line 197, in _get_response
    response = wrapped_callback(request, *callback_args, **callback_kwargs)
               ^^^^^^^^^^^^^^^^^^^^^^^^^^^^^^^^^^^^^^^^^^^^^^^^^^^^^^^^^^^^
  File "E:\桌面\计算机\全栈\django\django项目\kefu\app\rengong\views.py", line 12, in index
    return render(request, '客服/new_service.html.html')
           ^^^^^^^^^^^^^^^^^^^^^^^^^^^^^^^^^^^^^^^^^^^
  File "E:\桌面\计算机\全栈\django\ven_dj\Lib\site-packages\django\shortcuts.py", line 25, in render
    content = loader.render_to_string(template_name, context, request, using=using)
              ^^^^^^^^^^^^^^^^^^^^^^^^^^^^^^^^^^^^^^^^^^^^^^^^^^^^^^^^^^^^^^^^^^^^^
  File "E:\桌面\计算机\全栈\django\ven_dj\Lib\site-packages\django\template\loader.py", line 61, in render_to_string
    template = get_template(template_name, using=using)
               ^^^^^^^^^^^^^^^^^^^^^^^^^^^^^^^^^^^^^^^^
  File "E:\桌面\计算机\全栈\django\ven_dj\Lib\site-packages\django\template\loader.py", line 19, in get_template
    raise TemplateDoesNotExist(template_name, chain=chain)
django.template.exceptions.TemplateDoesNotExist: 客服/new_service.html.html
ERROR 2024-04-28 20:18:17,718 basehttp 212 "GET /home/ HTTP/1.1" 500 87337
INFO 2024-04-28 20:19:08,284 autoreload 266 E:\桌面\计算机\全栈\django\django项目\kefu\kefu\settings.py changed, reloading.
INFO 2024-04-28 20:19:21,579 autoreload 668 Watching for file changes with StatReloader
WARNING 2024-04-28 20:19:23,786 log 241 Not Found: /
WARNING 2024-04-28 20:19:23,786 basehttp 212 "GET / HTTP/1.1" 404 2209
WARNING 2024-04-28 20:19:23,791 log 241 Not Found: /
WARNING 2024-04-28 20:19:23,792 basehttp 212 "GET / HTTP/1.1" 404 2209
INFO 2024-04-28 20:19:29,193 basehttp 212 "GET /admin/ HTTP/1.1" 302 0
INFO 2024-04-28 20:19:29,246 basehttp 212 "GET /admin/login/?next=/admin/ HTTP/1.1" 200 4172
ERROR 2024-04-28 20:19:36,827 log 241 Internal Server Error: /home/
Traceback (most recent call last):
  File "E:\桌面\计算机\全栈\django\ven_dj\Lib\site-packages\django\core\handlers\exception.py", line 55, in inner
    response = get_response(request)
               ^^^^^^^^^^^^^^^^^^^^^
  File "E:\桌面\计算机\全栈\django\ven_dj\Lib\site-packages\django\core\handlers\base.py", line 197, in _get_response
    response = wrapped_callback(request, *callback_args, **callback_kwargs)
               ^^^^^^^^^^^^^^^^^^^^^^^^^^^^^^^^^^^^^^^^^^^^^^^^^^^^^^^^^^^^
  File "E:\桌面\计算机\全栈\django\django项目\kefu\app\rengong\views.py", line 12, in index
    return render(request, '客服/new_service.html.html')
           ^^^^^^^^^^^^^^^^^^^^^^^^^^^^^^^^^^^^^^^^^^^
  File "E:\桌面\计算机\全栈\django\ven_dj\Lib\site-packages\django\shortcuts.py", line 25, in render
    content = loader.render_to_string(template_name, context, request, using=using)
              ^^^^^^^^^^^^^^^^^^^^^^^^^^^^^^^^^^^^^^^^^^^^^^^^^^^^^^^^^^^^^^^^^^^^^
  File "E:\桌面\计算机\全栈\django\ven_dj\Lib\site-packages\django\template\loader.py", line 61, in render_to_string
    template = get_template(template_name, using=using)
               ^^^^^^^^^^^^^^^^^^^^^^^^^^^^^^^^^^^^^^^^
  File "E:\桌面\计算机\全栈\django\ven_dj\Lib\site-packages\django\template\loader.py", line 19, in get_template
    raise TemplateDoesNotExist(template_name, chain=chain)
django.template.exceptions.TemplateDoesNotExist: 客服/new_service.html.html
ERROR 2024-04-28 20:19:36,830 basehttp 212 "GET /home/ HTTP/1.1" 500 87605
ERROR 2024-04-28 20:19:38,440 log 241 Internal Server Error: /home/
Traceback (most recent call last):
  File "E:\桌面\计算机\全栈\django\ven_dj\Lib\site-packages\django\core\handlers\exception.py", line 55, in inner
    response = get_response(request)
               ^^^^^^^^^^^^^^^^^^^^^
  File "E:\桌面\计算机\全栈\django\ven_dj\Lib\site-packages\django\core\handlers\base.py", line 197, in _get_response
    response = wrapped_callback(request, *callback_args, **callback_kwargs)
               ^^^^^^^^^^^^^^^^^^^^^^^^^^^^^^^^^^^^^^^^^^^^^^^^^^^^^^^^^^^^
  File "E:\桌面\计算机\全栈\django\django项目\kefu\app\rengong\views.py", line 12, in index
    return render(request, '客服/new_service.html.html')
           ^^^^^^^^^^^^^^^^^^^^^^^^^^^^^^^^^^^^^^^^^^^
  File "E:\桌面\计算机\全栈\django\ven_dj\Lib\site-packages\django\shortcuts.py", line 25, in render
    content = loader.render_to_string(template_name, context, request, using=using)
              ^^^^^^^^^^^^^^^^^^^^^^^^^^^^^^^^^^^^^^^^^^^^^^^^^^^^^^^^^^^^^^^^^^^^^
  File "E:\桌面\计算机\全栈\django\ven_dj\Lib\site-packages\django\template\loader.py", line 61, in render_to_string
    template = get_template(template_name, using=using)
               ^^^^^^^^^^^^^^^^^^^^^^^^^^^^^^^^^^^^^^^^
  File "E:\桌面\计算机\全栈\django\ven_dj\Lib\site-packages\django\template\loader.py", line 19, in get_template
    raise TemplateDoesNotExist(template_name, chain=chain)
django.template.exceptions.TemplateDoesNotExist: 客服/new_service.html.html
ERROR 2024-04-28 20:19:38,443 basehttp 212 "GET /home/ HTTP/1.1" 500 87331
INFO 2024-04-28 20:20:08,412 autoreload 266 E:\桌面\计算机\全栈\django\django项目\kefu\app\rengong\views.py changed, reloading.
INFO 2024-04-28 20:20:08,858 autoreload 668 Watching for file changes with StatReloader
INFO 2024-04-28 20:20:10,006 basehttp 212 "GET /home/ HTTP/1.1" 200 10351
WARNING 2024-04-28 20:20:10,038 log 241 Not Found: /home/bootstrap/bootstrap.min.css
WARNING 2024-04-28 20:20:10,038 log 241 Not Found: /home/css/reset.css
WARNING 2024-04-28 20:20:10,038 basehttp 212 "GET /home/bootstrap/bootstrap.min.css HTTP/1.1" 404 2323
WARNING 2024-04-28 20:20:10,040 basehttp 212 "GET /home/css/reset.css HTTP/1.1" 404 2281
WARNING 2024-04-28 20:20:10,050 log 241 Not Found: /home/iconfont/iconfont.css
WARNING 2024-04-28 20:20:10,050 log 241 Not Found: /home/bootstrap/bootstrap-icons.css
WARNING 2024-04-28 20:20:10,050 basehttp 212 "GET /home/iconfont/iconfont.css HTTP/1.1" 404 2305
WARNING 2024-04-28 20:20:10,051 basehttp 212 "GET /home/bootstrap/bootstrap-icons.css HTTP/1.1" 404 2329
WARNING 2024-04-28 20:20:10,060 log 241 Not Found: /home/js/new_scripy.js
WARNING 2024-04-28 20:20:10,060 basehttp 212 "GET /home/js/new_scripy.js HTTP/1.1" 404 2290
WARNING 2024-04-28 20:20:10,061 log 241 Not Found: /home/assets/newp.jpg
WARNING 2024-04-28 20:20:10,063 basehttp 212 "GET /home/assets/newp.jpg HTTP/1.1" 404 2287
WARNING 2024-04-28 20:20:10,066 log 241 Not Found: /home/lib/echarts.min.js
WARNING 2024-04-28 20:20:10,067 basehttp 212 "GET /home/lib/echarts.min.js HTTP/1.1" 404 2296
WARNING 2024-04-28 20:20:10,572 log 241 Not Found: /home/lib/form-serialize.js
WARNING 2024-04-28 20:20:10,572 basehttp 212 "GET /home/lib/form-serialize.js HTTP/1.1" 404 2305
WARNING 2024-04-28 20:20:10,706 log 241 Not Found: /home/bootstrap/bootstrap.min.js
WARNING 2024-04-28 20:20:10,706 basehttp 212 "GET /home/bootstrap/bootstrap.min.js HTTP/1.1" 404 2320
WARNING 2024-04-28 20:20:11,099 log 241 Not Found: /home/favicon.ico
WARNING 2024-04-28 20:20:11,100 basehttp 212 "GET /home/favicon.ico HTTP/1.1" 404 2275
WARNING 2024-04-28 20:20:11,101 log 241 Not Found: /home/assets/images/980.jpg
WARNING 2024-04-28 20:20:11,102 basehttp 212 "GET /home/assets/images/980.jpg HTTP/1.1" 404 2305
WARNING 2024-04-28 20:20:22,310 log 241 Not Found: /home/assets/newp.jpg
WARNING 2024-04-28 20:20:22,312 basehttp 212 "GET /home/assets/newp.jpg HTTP/1.1" 404 2287
WARNING 2024-04-28 20:20:27,055 log 241 Not Found: /home/assets/newp.jpg
WARNING 2024-04-28 20:20:27,056 basehttp 212 "GET /home/assets/newp.jpg HTTP/1.1" 404 2287
INFO 2024-04-28 20:22:00,737 basehttp 212 "GET /home/ HTTP/1.1" 200 10351
WARNING 2024-04-28 20:22:00,778 log 241 Not Found: /home/bootstrap/bootstrap.min.css
WARNING 2024-04-28 20:22:00,779 log 241 Not Found: /home/css/reset.css
WARNING 2024-04-28 20:22:00,779 basehttp 212 "GET /home/bootstrap/bootstrap.min.css HTTP/1.1" 404 2323
WARNING 2024-04-28 20:22:00,780 basehttp 212 "GET /home/css/reset.css HTTP/1.1" 404 2281
WARNING 2024-04-28 20:22:00,791 log 241 Not Found: /home/bootstrap/bootstrap-icons.css
WARNING 2024-04-28 20:22:00,792 log 241 Not Found: /home/iconfont/iconfont.css
WARNING 2024-04-28 20:22:00,792 basehttp 212 "GET /home/bootstrap/bootstrap-icons.css HTTP/1.1" 404 2329
WARNING 2024-04-28 20:22:00,793 basehttp 212 "GET /home/iconfont/iconfont.css HTTP/1.1" 404 2305
WARNING 2024-04-28 20:22:00,806 log 241 Not Found: /home/js/new_scripy.js
WARNING 2024-04-28 20:22:00,807 basehttp 212 "GET /home/js/new_scripy.js HTTP/1.1" 404 2290
WARNING 2024-04-28 20:22:00,808 log 241 Not Found: /home/assets/newp.jpg
WARNING 2024-04-28 20:22:00,809 basehttp 212 "GET /home/assets/newp.jpg HTTP/1.1" 404 2287
WARNING 2024-04-28 20:22:00,815 log 241 Not Found: /home/lib/echarts.min.js
WARNING 2024-04-28 20:22:00,817 basehttp 212 "GET /home/lib/echarts.min.js HTTP/1.1" 404 2296
WARNING 2024-04-28 20:22:00,824 log 241 Not Found: /home/lib/form-serialize.js
WARNING 2024-04-28 20:22:00,827 basehttp 212 "GET /home/lib/form-serialize.js HTTP/1.1" 404 2305
WARNING 2024-04-28 20:22:00,829 log 241 Not Found: /home/bootstrap/bootstrap.min.js
WARNING 2024-04-28 20:22:00,830 basehttp 212 "GET /home/bootstrap/bootstrap.min.js HTTP/1.1" 404 2320
WARNING 2024-04-28 20:22:01,047 log 241 Not Found: /home/assets/images/980.jpg
WARNING 2024-04-28 20:22:01,048 basehttp 212 "GET /home/assets/images/980.jpg HTTP/1.1" 404 2305
INFO 2024-04-28 20:22:10,556 autoreload 668 Watching for file changes with StatReloader
WARNING 2024-04-28 20:22:13,690 log 241 Not Found: /
WARNING 2024-04-28 20:22:13,691 basehttp 212 "GET / HTTP/1.1" 404 2209
WARNING 2024-04-28 20:22:13,699 log 241 Not Found: /
WARNING 2024-04-28 20:22:13,700 basehttp 212 "GET / HTTP/1.1" 404 2209
INFO 2024-04-28 20:22:16,931 basehttp 212 "GET /home/ HTTP/1.1" 200 10351
WARNING 2024-04-28 20:22:17,021 log 241 Not Found: /home/bootstrap/bootstrap.min.css
WARNING 2024-04-28 20:22:17,022 log 241 Not Found: /home/css/reset.css
WARNING 2024-04-28 20:22:17,023 basehttp 212 "GET /home/bootstrap/bootstrap.min.css HTTP/1.1" 404 2323
WARNING 2024-04-28 20:22:17,023 basehttp 212 "GET /home/css/reset.css HTTP/1.1" 404 2281
WARNING 2024-04-28 20:22:17,127 log 241 Not Found: /home/js/new_scripy.js
WARNING 2024-04-28 20:22:17,128 basehttp 212 "GET /home/js/new_scripy.js HTTP/1.1" 404 2290
WARNING 2024-04-28 20:22:17,130 log 241 Not Found: /home/iconfont/iconfont.css
WARNING 2024-04-28 20:22:17,130 log 241 Not Found: /home/bootstrap/bootstrap-icons.css
WARNING 2024-04-28 20:22:17,130 basehttp 212 "GET /home/iconfont/iconfont.css HTTP/1.1" 404 2305
WARNING 2024-04-28 20:22:17,131 basehttp 212 "GET /home/bootstrap/bootstrap-icons.css HTTP/1.1" 404 2329
WARNING 2024-04-28 20:22:17,141 log 241 Not Found: /home/assets/newp.jpg
WARNING 2024-04-28 20:22:17,141 log 241 Not Found: /home/lib/echarts.min.js
WARNING 2024-04-28 20:22:17,142 basehttp 212 "GET /home/assets/newp.jpg HTTP/1.1" 404 2287
WARNING 2024-04-28 20:22:17,143 basehttp 212 "GET /home/lib/echarts.min.js HTTP/1.1" 404 2296
WARNING 2024-04-28 20:22:17,154 log 241 Not Found: /home/lib/form-serialize.js
WARNING 2024-04-28 20:22:17,155 basehttp 212 "GET /home/lib/form-serialize.js HTTP/1.1" 404 2305
WARNING 2024-04-28 20:22:17,165 log 241 Not Found: /home/bootstrap/bootstrap.min.js
WARNING 2024-04-28 20:22:17,166 basehttp 212 "GET /home/bootstrap/bootstrap.min.js HTTP/1.1" 404 2320
WARNING 2024-04-28 20:22:17,558 log 241 Not Found: /home/assets/images/980.jpg
WARNING 2024-04-28 20:22:17,559 basehttp 212 "GET /home/assets/images/980.jpg HTTP/1.1" 404 2305
INFO 2024-04-28 20:22:42,809 autoreload 668 Watching for file changes with StatReloader
WARNING 2024-04-28 20:22:45,197 log 241 Not Found: /
WARNING 2024-04-28 20:22:45,198 basehttp 212 "GET / HTTP/1.1" 404 2209
WARNING 2024-04-28 20:22:45,205 log 241 Not Found: /
WARNING 2024-04-28 20:22:45,205 basehttp 212 "GET / HTTP/1.1" 404 2209
INFO 2024-04-28 20:22:49,528 basehttp 212 "GET /admin/ HTTP/1.1" 302 0
INFO 2024-04-28 20:22:49,569 basehttp 212 "GET /admin/login/?next=/admin/ HTTP/1.1" 200 4172
INFO 2024-04-28 20:22:55,672 basehttp 212 "GET /home/ HTTP/1.1" 200 10351
WARNING 2024-04-28 20:22:55,757 log 241 Not Found: /home/css/reset.css
WARNING 2024-04-28 20:22:55,759 log 241 Not Found: /home/bootstrap/bootstrap.min.css
WARNING 2024-04-28 20:22:55,760 basehttp 212 "GET /home/css/reset.css HTTP/1.1" 404 2281
WARNING 2024-04-28 20:22:55,761 basehttp 212 "GET /home/bootstrap/bootstrap.min.css HTTP/1.1" 404 2323
WARNING 2024-04-28 20:22:55,854 log 241 Not Found: /home/bootstrap/bootstrap-icons.css
WARNING 2024-04-28 20:22:55,855 log 241 Not Found: /home/iconfont/iconfont.css
WARNING 2024-04-28 20:22:55,857 log 241 Not Found: /home/js/new_scripy.js
WARNING 2024-04-28 20:22:55,857 basehttp 212 "GET /home/bootstrap/bootstrap-icons.css HTTP/1.1" 404 2329
WARNING 2024-04-28 20:22:55,858 basehttp 212 "GET /home/iconfont/iconfont.css HTTP/1.1" 404 2305
WARNING 2024-04-28 20:22:55,858 basehttp 212 "GET /home/js/new_scripy.js HTTP/1.1" 404 2290
WARNING 2024-04-28 20:22:55,873 log 241 Not Found: /home/assets/newp.jpg
WARNING 2024-04-28 20:22:55,874 log 241 Not Found: /home/lib/echarts.min.js
WARNING 2024-04-28 20:22:55,875 basehttp 212 "GET /home/assets/newp.jpg HTTP/1.1" 404 2287
WARNING 2024-04-28 20:22:55,875 basehttp 212 "GET /home/lib/echarts.min.js HTTP/1.1" 404 2296
WARNING 2024-04-28 20:22:55,896 log 241 Not Found: /home/lib/form-serialize.js
WARNING 2024-04-28 20:22:55,897 basehttp 212 "GET /home/lib/form-serialize.js HTTP/1.1" 404 2305
WARNING 2024-04-28 20:22:55,910 log 241 Not Found: /home/bootstrap/bootstrap.min.js
WARNING 2024-04-28 20:22:55,910 basehttp 212 "GET /home/bootstrap/bootstrap.min.js HTTP/1.1" 404 2320
WARNING 2024-04-28 20:22:56,109 log 241 Not Found: /home/assets/images/980.jpg
WARNING 2024-04-28 20:22:56,110 basehttp 212 "GET /home/assets/images/980.jpg HTTP/1.1" 404 2305
INFO 2024-04-28 20:27:57,141 autoreload 668 Watching for file changes with StatReloader
WARNING 2024-04-28 20:27:59,088 log 241 Not Found: /
WARNING 2024-04-28 20:27:59,089 basehttp 212 "GET / HTTP/1.1" 404 2209
WARNING 2024-04-28 20:27:59,094 log 241 Not Found: /
WARNING 2024-04-28 20:27:59,097 basehttp 212 "GET / HTTP/1.1" 404 2209
INFO 2024-04-28 20:28:02,569 basehttp 212 "GET /home/ HTTP/1.1" 200 10351
WARNING 2024-04-28 20:28:02,647 log 241 Not Found: /home/css/reset.css
WARNING 2024-04-28 20:28:02,648 log 241 Not Found: /home/bootstrap/bootstrap.min.css
WARNING 2024-04-28 20:28:02,649 basehttp 212 "GET /home/css/reset.css HTTP/1.1" 404 2281
WARNING 2024-04-28 20:28:02,649 basehttp 212 "GET /home/bootstrap/bootstrap.min.css HTTP/1.1" 404 2323
WARNING 2024-04-28 20:28:02,738 log 241 Not Found: /home/bootstrap/bootstrap-icons.css
WARNING 2024-04-28 20:28:02,739 log 241 Not Found: /home/iconfont/iconfont.css
WARNING 2024-04-28 20:28:02,740 basehttp 212 "GET /home/bootstrap/bootstrap-icons.css HTTP/1.1" 404 2329
WARNING 2024-04-28 20:28:02,742 log 241 Not Found: /home/js/new_scripy.js
WARNING 2024-04-28 20:28:02,742 basehttp 212 "GET /home/iconfont/iconfont.css HTTP/1.1" 404 2305
WARNING 2024-04-28 20:28:02,743 basehttp 212 "GET /home/js/new_scripy.js HTTP/1.1" 404 2290
WARNING 2024-04-28 20:28:02,752 log 241 Not Found: /home/assets/newp.jpg
WARNING 2024-04-28 20:28:02,753 log 241 Not Found: /home/lib/echarts.min.js
WARNING 2024-04-28 20:28:02,753 basehttp 212 "GET /home/assets/newp.jpg HTTP/1.1" 404 2287
WARNING 2024-04-28 20:28:02,753 basehttp 212 "GET /home/lib/echarts.min.js HTTP/1.1" 404 2296
WARNING 2024-04-28 20:28:02,768 log 241 Not Found: /home/lib/form-serialize.js
WARNING 2024-04-28 20:28:02,769 basehttp 212 "GET /home/lib/form-serialize.js HTTP/1.1" 404 2305
WARNING 2024-04-28 20:28:02,791 log 241 Not Found: /home/bootstrap/bootstrap.min.js
WARNING 2024-04-28 20:28:02,791 basehttp 212 "GET /home/bootstrap/bootstrap.min.js HTTP/1.1" 404 2320
WARNING 2024-04-28 20:28:03,215 log 241 Not Found: /home/assets/images/980.jpg
WARNING 2024-04-28 20:28:03,215 basehttp 212 "GET /home/assets/images/980.jpg HTTP/1.1" 404 2305
INFO 2024-04-28 20:29:17,531 autoreload 668 Watching for file changes with StatReloader
WARNING 2024-04-28 20:29:19,344 log 241 Not Found: /
WARNING 2024-04-28 20:29:19,345 basehttp 212 "GET / HTTP/1.1" 404 2209
WARNING 2024-04-28 20:29:19,350 log 241 Not Found: /
WARNING 2024-04-28 20:29:19,350 basehttp 212 "GET / HTTP/1.1" 404 2209
INFO 2024-04-28 20:29:21,705 basehttp 212 "GET /admin/ HTTP/1.1" 302 0
INFO 2024-04-28 20:29:21,735 basehttp 212 "GET /admin/login/?next=/admin/ HTTP/1.1" 200 4172
WARNING 2024-04-28 20:29:23,563 log 241 Not Found: /ahome
WARNING 2024-04-28 20:29:23,564 basehttp 212 "GET /ahome HTTP/1.1" 404 2242
INFO 2024-04-28 20:29:28,578 basehttp 212 "GET /home/ HTTP/1.1" 200 9998
WARNING 2024-04-28 20:29:28,666 log 241 Not Found: /home/css/reset.css
WARNING 2024-04-28 20:29:28,667 log 241 Not Found: /home/bootstrap/bootstrap.min.css
WARNING 2024-04-28 20:29:28,668 basehttp 212 "GET /home/css/reset.css HTTP/1.1" 404 2281
WARNING 2024-04-28 20:29:28,669 basehttp 212 "GET /home/bootstrap/bootstrap.min.css HTTP/1.1" 404 2323
WARNING 2024-04-28 20:29:28,762 log 241 Not Found: /home/js/new_scripy.js
WARNING 2024-04-28 20:29:28,763 log 241 Not Found: /home/iconfont/iconfont.css
WARNING 2024-04-28 20:29:28,763 log 241 Not Found: /home/bootstrap/bootstrap-icons.css
WARNING 2024-04-28 20:29:28,765 basehttp 212 "GET /home/js/new_scripy.js HTTP/1.1" 404 2290
WARNING 2024-04-28 20:29:28,766 basehttp 212 "GET /home/iconfont/iconfont.css HTTP/1.1" 404 2305
WARNING 2024-04-28 20:29:28,767 basehttp 212 "GET /home/bootstrap/bootstrap-icons.css HTTP/1.1" 404 2329
WARNING 2024-04-28 20:29:28,781 log 241 Not Found: /home/assets/newp.jpg
WARNING 2024-04-28 20:29:28,783 basehttp 212 "GET /home/assets/newp.jpg HTTP/1.1" 404 2287
WARNING 2024-04-28 20:29:28,784 log 241 Not Found: /home/bootstrap/bootstrap.min.js
WARNING 2024-04-28 20:29:28,785 basehttp 212 "GET /home/bootstrap/bootstrap.min.js HTTP/1.1" 404 2320
WARNING 2024-04-28 20:29:28,959 log 241 Not Found: /home/assets/images/980.jpg
WARNING 2024-04-28 20:29:28,960 basehttp 212 "GET /home/assets/images/980.jpg HTTP/1.1" 404 2305
INFO 2024-04-28 20:31:41,074 autoreload 668 Watching for file changes with StatReloader
WARNING 2024-04-28 20:31:43,121 log 241 Not Found: /
WARNING 2024-04-28 20:31:43,122 basehttp 212 "GET / HTTP/1.1" 404 2209
WARNING 2024-04-28 20:31:43,129 log 241 Not Found: /
WARNING 2024-04-28 20:31:43,130 basehttp 212 "GET / HTTP/1.1" 404 2209
INFO 2024-04-28 20:31:45,571 basehttp 212 "GET /home/ HTTP/1.1" 200 10006
WARNING 2024-04-28 20:31:45,660 log 241 Not Found: /home/bootstrap/bootstrap.min.css
WARNING 2024-04-28 20:31:45,660 basehttp 212 "GET /static/css/reset.css HTTP/1.1" 404 1798
WARNING 2024-04-28 20:31:45,660 basehttp 212 "GET /home/bootstrap/bootstrap.min.css HTTP/1.1" 404 2323
WARNING 2024-04-28 20:31:45,785 log 241 Not Found: /home/bootstrap/bootstrap-icons.css
WARNING 2024-04-28 20:31:45,786 log 241 Not Found: /home/iconfont/iconfont.css
WARNING 2024-04-28 20:31:45,787 basehttp 212 "GET /home/bootstrap/bootstrap-icons.css HTTP/1.1" 404 2329
WARNING 2024-04-28 20:31:45,787 basehttp 212 "GET /home/iconfont/iconfont.css HTTP/1.1" 404 2305
WARNING 2024-04-28 20:31:45,814 log 241 Not Found: /home/assets/newp.jpg
WARNING 2024-04-28 20:31:45,816 basehttp 212 "GET /home/assets/newp.jpg HTTP/1.1" 404 2287
WARNING 2024-04-28 20:31:45,817 log 241 Not Found: /home/js/new_scripy.js
WARNING 2024-04-28 20:31:45,818 basehttp 212 "GET /home/js/new_scripy.js HTTP/1.1" 404 2290
WARNING 2024-04-28 20:31:45,828 log 241 Not Found: /home/bootstrap/bootstrap.min.js
WARNING 2024-04-28 20:31:45,829 basehttp 212 "GET /home/bootstrap/bootstrap.min.js HTTP/1.1" 404 2320
WARNING 2024-04-28 20:31:56,236 log 241 Not Found: /home/assets/images/980.jpg
WARNING 2024-04-28 20:31:56,237 basehttp 212 "GET /home/assets/images/980.jpg HTTP/1.1" 404 2305
INFO 2024-04-28 20:33:44,279 autoreload 668 Watching for file changes with StatReloader
WARNING 2024-04-28 20:33:46,099 log 241 Not Found: /
WARNING 2024-04-28 20:33:46,100 basehttp 212 "GET / HTTP/1.1" 404 2209
WARNING 2024-04-28 20:33:46,105 log 241 Not Found: /
WARNING 2024-04-28 20:33:46,106 basehttp 212 "GET / HTTP/1.1" 404 2209
INFO 2024-04-28 20:33:48,820 basehttp 212 "GET /home/ HTTP/1.1" 200 9778
WARNING 2024-04-28 20:33:48,896 basehttp 212 "GET /static/css/reset.css HTTP/1.1" 404 1798
WARNING 2024-04-28 20:33:48,897 basehttp 212 "GET /static/bootstrap/bootstrap.min.css%22 HTTP/1.1" 404 1855
WARNING 2024-04-28 20:33:48,984 basehttp 212 "GET /static/js/new_scripy.js HTTP/1.1" 404 1807
WARNING 2024-04-28 20:33:49,297 basehttp 212 "GET /static/assets/newp.jpg HTTP/1.1" 404 1804
WARNING 2024-04-28 20:33:49,305 log 241 Not Found: /home/bootstrap/bootstrap.min.js
WARNING 2024-04-28 20:33:49,305 basehttp 212 "GET /home/bootstrap/bootstrap.min.js HTTP/1.1" 404 2320
WARNING 2024-04-28 20:33:49,402 log 241 Not Found: /home/assets/images/980.jpg
WARNING 2024-04-28 20:33:49,403 basehttp 212 "GET /home/assets/images/980.jpg HTTP/1.1" 404 2305
INFO 2024-04-28 20:35:57,273 autoreload 668 Watching for file changes with StatReloader
WARNING 2024-04-28 20:35:59,291 log 241 Not Found: /
WARNING 2024-04-28 20:35:59,293 basehttp 212 "GET / HTTP/1.1" 404 2209
WARNING 2024-04-28 20:35:59,299 log 241 Not Found: /
WARNING 2024-04-28 20:35:59,300 basehttp 212 "GET / HTTP/1.1" 404 2209
INFO 2024-04-28 20:36:02,852 basehttp 212 "GET /home/ HTTP/1.1" 200 9817
WARNING 2024-04-28 20:36:02,938 basehttp 212 "GET /static/css/reset.css HTTP/1.1" 404 1798
WARNING 2024-04-28 20:36:02,940 basehttp 212 "GET /static/bootstrap/bootstrap.min.css%22 HTTP/1.1" 404 1855
WARNING 2024-04-28 20:36:03,033 basehttp 212 "GET /static/js/new_scripy.js HTTP/1.1" 404 1807
WARNING 2024-04-28 20:36:03,344 basehttp 212 "GET /static/assets/newp.jpg HTTP/1.1" 404 1804
WARNING 2024-04-28 20:36:03,353 basehttp 212 "GET /static/bootstrap/bootstrap.min.js HTTP/1.1" 404 1837
WARNING 2024-04-28 20:36:04,410 log 241 Not Found: /home/assets/images/980.jpg
WARNING 2024-04-28 20:36:04,411 basehttp 212 "GET /home/assets/images/980.jpg HTTP/1.1" 404 2305
INFO 2024-04-28 20:37:17,024 autoreload 668 Watching for file changes with StatReloader
WARNING 2024-04-28 20:37:18,642 log 241 Not Found: /
WARNING 2024-04-28 20:37:18,643 basehttp 212 "GET / HTTP/1.1" 404 2209
WARNING 2024-04-28 20:37:18,648 log 241 Not Found: /
WARNING 2024-04-28 20:37:18,648 basehttp 212 "GET / HTTP/1.1" 404 2209
INFO 2024-04-28 20:37:21,886 basehttp 212 "GET /home/ HTTP/1.1" 200 9821
WARNING 2024-04-28 20:37:21,964 basehttp 212 "GET /static/css/reset.css HTTP/1.1" 404 1798
WARNING 2024-04-28 20:37:21,964 basehttp 212 "GET /static/bootstrap/bootstrap.min.css%22 HTTP/1.1" 404 1855
WARNING 2024-04-28 20:37:22,071 basehttp 212 "GET /static/js/new_scripy.js HTTP/1.1" 404 1807
WARNING 2024-04-28 20:37:22,372 basehttp 212 "GET /static/assets/newp.jpg HTTP/1.1" 404 1804
WARNING 2024-04-28 20:37:22,389 basehttp 212 "GET /static/bootstrap/bootstrap.min.js HTTP/1.1" 404 1837
WARNING 2024-04-28 20:37:22,752 basehttp 212 "GET /static/assets/images/980.jpg HTTP/1.1" 404 1822
INFO 2024-04-28 20:38:37,606 autoreload 266 E:\桌面\计算机\全栈\django\django项目\kefu\kefu\settings.py changed, reloading.
INFO 2024-04-28 20:38:38,349 autoreload 668 Watching for file changes with StatReloader
WARNING 2024-04-28 20:38:41,022 log 241 Not Found: /
WARNING 2024-04-28 20:38:41,024 basehttp 212 "GET / HTTP/1.1" 404 2209
WARNING 2024-04-28 20:38:41,029 log 241 Not Found: /
WARNING 2024-04-28 20:38:41,030 basehttp 212 "GET / HTTP/1.1" 404 2209
INFO 2024-04-28 20:38:44,252 basehttp 212 "GET /home/ HTTP/1.1" 200 9926
WARNING 2024-04-28 20:38:44,346 basehttp 212 "GET /rengon/static/css/reset.css HTTP/1.1" 404 1812
WARNING 2024-04-28 20:38:44,346 basehttp 212 "GET /rengon/static/bootstrap/bootstrap.min.css%22 HTTP/1.1" 404 1869
WARNING 2024-04-28 20:38:44,449 basehttp 212 "GET /rengon/static/js/new_scripy.js HTTP/1.1" 404 1821
WARNING 2024-04-28 20:38:44,766 basehttp 212 "GET /rengon/static/bootstrap/bootstrap.min.js HTTP/1.1" 404 1851
WARNING 2024-04-28 20:38:44,768 basehttp 212 "GET /rengon/static/assets/newp.jpg HTTP/1.1" 404 1818
WARNING 2024-04-28 20:38:45,138 basehttp 212 "GET /rengon/static/assets/images/980.jpg HTTP/1.1" 404 1836
INFO 2024-04-28 20:38:52,978 autoreload 266 E:\桌面\计算机\全栈\django\django项目\kefu\kefu\settings.py changed, reloading.
INFO 2024-04-28 20:38:53,556 autoreload 668 Watching for file changes with StatReloader
INFO 2024-04-28 20:40:19,317 autoreload 668 Watching for file changes with StatReloader
WARNING 2024-04-28 20:40:25,400 log 241 Not Found: /
WARNING 2024-04-28 20:40:25,400 basehttp 212 "GET / HTTP/1.1" 404 2209
WARNING 2024-04-28 20:40:25,405 log 241 Not Found: /
WARNING 2024-04-28 20:40:25,406 basehttp 212 "GET / HTTP/1.1" 404 2209
ERROR 2024-04-28 20:40:30,175 log 241 Internal Server Error: /home/
Traceback (most recent call last):
  File "E:\桌面\计算机\全栈\django\ven_dj\Lib\site-packages\django\template\defaulttags.py", line 1034, in find_library
    return parser.libraries[name]
           ~~~~~~~~~~~~~~~~^^^^^^
KeyError: 'staticfiles'

During handling of the above exception, another exception occurred:

Traceback (most recent call last):
  File "E:\桌面\计算机\全栈\django\ven_dj\Lib\site-packages\django\core\handlers\exception.py", line 55, in inner
    response = get_response(request)
               ^^^^^^^^^^^^^^^^^^^^^
  File "E:\桌面\计算机\全栈\django\ven_dj\Lib\site-packages\django\core\handlers\base.py", line 197, in _get_response
    response = wrapped_callback(request, *callback_args, **callback_kwargs)
               ^^^^^^^^^^^^^^^^^^^^^^^^^^^^^^^^^^^^^^^^^^^^^^^^^^^^^^^^^^^^
  File "E:\桌面\计算机\全栈\django\django项目\kefu\app\rengong\views.py", line 12, in index
    return render(request, '客服/new_service.html')
           ^^^^^^^^^^^^^^^^^^^^^^^^^^^^^^^^^^^^^^
  File "E:\桌面\计算机\全栈\django\ven_dj\Lib\site-packages\django\shortcuts.py", line 25, in render
    content = loader.render_to_string(template_name, context, request, using=using)
              ^^^^^^^^^^^^^^^^^^^^^^^^^^^^^^^^^^^^^^^^^^^^^^^^^^^^^^^^^^^^^^^^^^^^^
  File "E:\桌面\计算机\全栈\django\ven_dj\Lib\site-packages\django\template\loader.py", line 61, in render_to_string
    template = get_template(template_name, using=using)
               ^^^^^^^^^^^^^^^^^^^^^^^^^^^^^^^^^^^^^^^^
  File "E:\桌面\计算机\全栈\django\ven_dj\Lib\site-packages\django\template\loader.py", line 15, in get_template
    return engine.get_template(template_name)
           ^^^^^^^^^^^^^^^^^^^^^^^^^^^^^^^^^^
  File "E:\桌面\计算机\全栈\django\ven_dj\Lib\site-packages\django\template\backends\django.py", line 33, in get_template
    return Template(self.engine.get_template(template_name), self)
                    ^^^^^^^^^^^^^^^^^^^^^^^^^^^^^^^^^^^^^^^
  File "E:\桌面\计算机\全栈\django\ven_dj\Lib\site-packages\django\template\engine.py", line 177, in get_template
    template, origin = self.find_template(template_name)
                       ^^^^^^^^^^^^^^^^^^^^^^^^^^^^^^^^^
  File "E:\桌面\计算机\全栈\django\ven_dj\Lib\site-packages\django\template\engine.py", line 159, in find_template
    template = loader.get_template(name, skip=skip)
               ^^^^^^^^^^^^^^^^^^^^^^^^^^^^^^^^^^^^
  File "E:\桌面\计算机\全栈\django\ven_dj\Lib\site-packages\django\template\loaders\cached.py", line 57, in get_template
    template = super().get_template(template_name, skip)
               ^^^^^^^^^^^^^^^^^^^^^^^^^^^^^^^^^^^^^^^^^
  File "E:\桌面\计算机\全栈\django\ven_dj\Lib\site-packages\django\template\loaders\base.py", line 28, in get_template
    return Template(
           ^^^^^^^^^
  File "E:\桌面\计算机\全栈\django\ven_dj\Lib\site-packages\django\template\base.py", line 154, in __init__
    self.nodelist = self.compile_nodelist()
                    ^^^^^^^^^^^^^^^^^^^^^^^
  File "E:\桌面\计算机\全栈\django\ven_dj\Lib\site-packages\django\template\base.py", line 196, in compile_nodelist
    return parser.parse()
           ^^^^^^^^^^^^^^
  File "E:\桌面\计算机\全栈\django\ven_dj\Lib\site-packages\django\template\base.py", line 510, in parse
    raise self.error(token, e)
  File "E:\桌面\计算机\全栈\django\ven_dj\Lib\site-packages\django\template\base.py", line 508, in parse
    compiled_result = compile_func(self, token)
                      ^^^^^^^^^^^^^^^^^^^^^^^^^
  File "E:\桌面\计算机\全栈\django\ven_dj\Lib\site-packages\django\template\defaulttags.py", line 1096, in load
    lib = find_library(parser, name)
          ^^^^^^^^^^^^^^^^^^^^^^^^^^
  File "E:\桌面\计算机\全栈\django\ven_dj\Lib\site-packages\django\template\defaulttags.py", line 1036, in find_library
    raise TemplateSyntaxError(
django.template.exceptions.TemplateSyntaxError: 'staticfiles' is not a registered tag library. Must be one of:
admin_list
admin_modify
admin_urls
cache
i18n
l10n
log
static
tz
ERROR 2024-04-28 20:40:30,194 basehttp 212 "GET /home/ HTTP/1.1" 500 173505
ERROR 2024-04-28 20:40:30,999 log 241 Internal Server Error: /home/
Traceback (most recent call last):
  File "E:\桌面\计算机\全栈\django\ven_dj\Lib\site-packages\django\template\defaulttags.py", line 1034, in find_library
    return parser.libraries[name]
           ~~~~~~~~~~~~~~~~^^^^^^
KeyError: 'staticfiles'

During handling of the above exception, another exception occurred:

Traceback (most recent call last):
  File "E:\桌面\计算机\全栈\django\ven_dj\Lib\site-packages\django\core\handlers\exception.py", line 55, in inner
    response = get_response(request)
               ^^^^^^^^^^^^^^^^^^^^^
  File "E:\桌面\计算机\全栈\django\ven_dj\Lib\site-packages\django\core\handlers\base.py", line 197, in _get_response
    response = wrapped_callback(request, *callback_args, **callback_kwargs)
               ^^^^^^^^^^^^^^^^^^^^^^^^^^^^^^^^^^^^^^^^^^^^^^^^^^^^^^^^^^^^
  File "E:\桌面\计算机\全栈\django\django项目\kefu\app\rengong\views.py", line 12, in index
    return render(request, '客服/new_service.html')
           ^^^^^^^^^^^^^^^^^^^^^^^^^^^^^^^^^^^^^^
  File "E:\桌面\计算机\全栈\django\ven_dj\Lib\site-packages\django\shortcuts.py", line 25, in render
    content = loader.render_to_string(template_name, context, request, using=using)
              ^^^^^^^^^^^^^^^^^^^^^^^^^^^^^^^^^^^^^^^^^^^^^^^^^^^^^^^^^^^^^^^^^^^^^
  File "E:\桌面\计算机\全栈\django\ven_dj\Lib\site-packages\django\template\loader.py", line 61, in render_to_string
    template = get_template(template_name, using=using)
               ^^^^^^^^^^^^^^^^^^^^^^^^^^^^^^^^^^^^^^^^
  File "E:\桌面\计算机\全栈\django\ven_dj\Lib\site-packages\django\template\loader.py", line 15, in get_template
    return engine.get_template(template_name)
           ^^^^^^^^^^^^^^^^^^^^^^^^^^^^^^^^^^
  File "E:\桌面\计算机\全栈\django\ven_dj\Lib\site-packages\django\template\backends\django.py", line 33, in get_template
    return Template(self.engine.get_template(template_name), self)
                    ^^^^^^^^^^^^^^^^^^^^^^^^^^^^^^^^^^^^^^^
  File "E:\桌面\计算机\全栈\django\ven_dj\Lib\site-packages\django\template\engine.py", line 177, in get_template
    template, origin = self.find_template(template_name)
                       ^^^^^^^^^^^^^^^^^^^^^^^^^^^^^^^^^
  File "E:\桌面\计算机\全栈\django\ven_dj\Lib\site-packages\django\template\engine.py", line 159, in find_template
    template = loader.get_template(name, skip=skip)
               ^^^^^^^^^^^^^^^^^^^^^^^^^^^^^^^^^^^^
  File "E:\桌面\计算机\全栈\django\ven_dj\Lib\site-packages\django\template\loaders\cached.py", line 57, in get_template
    template = super().get_template(template_name, skip)
               ^^^^^^^^^^^^^^^^^^^^^^^^^^^^^^^^^^^^^^^^^
  File "E:\桌面\计算机\全栈\django\ven_dj\Lib\site-packages\django\template\loaders\base.py", line 28, in get_template
    return Template(
           ^^^^^^^^^
  File "E:\桌面\计算机\全栈\django\ven_dj\Lib\site-packages\django\template\base.py", line 154, in __init__
    self.nodelist = self.compile_nodelist()
                    ^^^^^^^^^^^^^^^^^^^^^^^
  File "E:\桌面\计算机\全栈\django\ven_dj\Lib\site-packages\django\template\base.py", line 196, in compile_nodelist
    return parser.parse()
           ^^^^^^^^^^^^^^
  File "E:\桌面\计算机\全栈\django\ven_dj\Lib\site-packages\django\template\base.py", line 510, in parse
    raise self.error(token, e)
  File "E:\桌面\计算机\全栈\django\ven_dj\Lib\site-packages\django\template\base.py", line 508, in parse
    compiled_result = compile_func(self, token)
                      ^^^^^^^^^^^^^^^^^^^^^^^^^
  File "E:\桌面\计算机\全栈\django\ven_dj\Lib\site-packages\django\template\defaulttags.py", line 1096, in load
    lib = find_library(parser, name)
          ^^^^^^^^^^^^^^^^^^^^^^^^^^
  File "E:\桌面\计算机\全栈\django\ven_dj\Lib\site-packages\django\template\defaulttags.py", line 1036, in find_library
    raise TemplateSyntaxError(
django.template.exceptions.TemplateSyntaxError: 'staticfiles' is not a registered tag library. Must be one of:
admin_list
admin_modify
admin_urls
cache
i18n
l10n
log
static
tz
ERROR 2024-04-28 20:40:31,008 basehttp 212 "GET /home/ HTTP/1.1" 500 173231
INFO 2024-04-28 22:20:57,922 autoreload 668 Watching for file changes with StatReloader
WARNING 2024-04-28 22:21:00,742 log 241 Not Found: /
WARNING 2024-04-28 22:21:00,744 basehttp 212 "GET / HTTP/1.1" 404 2209
WARNING 2024-04-28 22:21:00,751 log 241 Not Found: /
WARNING 2024-04-28 22:21:00,752 basehttp 212 "GET / HTTP/1.1" 404 2209
WARNING 2024-04-28 22:21:00,894 log 241 Not Found: /favicon.ico
WARNING 2024-04-28 22:21:00,894 basehttp 212 "GET /favicon.ico HTTP/1.1" 404 2260
WARNING 2024-04-28 22:21:00,907 log 241 Not Found: /favicon.ico
WARNING 2024-04-28 22:21:00,908 basehttp 212 "GET /favicon.ico HTTP/1.1" 404 2260
INFO 2024-04-28 22:21:03,649 basehttp 212 "GET /home/ HTTP/1.1" 200 9821
WARNING 2024-04-28 22:21:03,673 basehttp 212 "GET /static/css/reset.css HTTP/1.1" 404 1798
WARNING 2024-04-28 22:21:03,899 basehttp 212 "GET /static/bootstrap/bootstrap.min.css%22 HTTP/1.1" 404 1855
WARNING 2024-04-28 22:21:03,977 basehttp 212 "GET /static/js/new_scripy.js HTTP/1.1" 404 1807
WARNING 2024-04-28 22:21:04,060 basehttp 212 "GET /static/assets/newp.jpg HTTP/1.1" 404 1804
WARNING 2024-04-28 22:21:04,060 basehttp 212 "GET /static/bootstrap/bootstrap.min.js HTTP/1.1" 404 1837
WARNING 2024-04-28 22:21:04,227 basehttp 212 "GET /static/assets/images/980.jpg HTTP/1.1" 404 1822
WARNING 2024-04-28 22:21:04,576 log 241 Not Found: /home/favicon.ico
WARNING 2024-04-28 22:21:04,576 basehttp 212 "GET /home/favicon.ico HTTP/1.1" 404 2275
INFO 2024-04-28 22:21:27,458 basehttp 212 "GET /home/ HTTP/1.1" 200 9821
WARNING 2024-04-28 22:21:27,520 basehttp 212 "GET /static/css/reset.css HTTP/1.1" 404 1798
WARNING 2024-04-28 22:21:27,823 basehttp 212 "GET /static/bootstrap/bootstrap.min.css%22 HTTP/1.1" 404 1855
WARNING 2024-04-28 22:21:27,887 basehttp 212 "GET /static/js/new_scripy.js HTTP/1.1" 404 1807
WARNING 2024-04-28 22:21:27,887 basehttp 212 "GET /static/assets/newp.jpg HTTP/1.1" 404 1804
WARNING 2024-04-28 22:21:27,964 basehttp 212 "GET /static/bootstrap/bootstrap.min.js HTTP/1.1" 404 1837
WARNING 2024-04-28 22:21:28,304 basehttp 212 "GET /static/assets/images/980.jpg HTTP/1.1" 404 1822
WARNING 2024-04-28 22:21:46,752 basehttp 212 "GET /static/css/reset.css HTTP/1.1" 404 1798
WARNING 2024-04-28 22:21:47,062 basehttp 212 "GET /static/bootstrap/bootstrap.min.css%22 HTTP/1.1" 404 1855
INFO 2024-04-28 22:21:48,064 basehttp 212 "GET /home/ HTTP/1.1" 200 9821
WARNING 2024-04-28 22:21:48,083 basehttp 212 "GET /static/bootstrap/bootstrap.min.css%22 HTTP/1.1" 404 1855
WARNING 2024-04-28 22:21:48,084 basehttp 212 "GET /static/css/reset.css HTTP/1.1" 404 1798
WARNING 2024-04-28 22:21:48,335 basehttp 212 "GET /static/js/new_scripy.js HTTP/1.1" 404 1807
WARNING 2024-04-28 22:21:48,387 basehttp 212 "GET /static/assets/newp.jpg HTTP/1.1" 404 1804
WARNING 2024-04-28 22:21:48,443 basehttp 212 "GET /static/bootstrap/bootstrap.min.js HTTP/1.1" 404 1837
WARNING 2024-04-28 22:21:48,803 basehttp 212 "GET /static/assets/images/980.jpg HTTP/1.1" 404 1822
INFO 2024-04-28 22:23:02,163 autoreload 266 E:\桌面\计算机\全栈\django\django项目\kefu\kefu\settings.py changed, reloading.
INFO 2024-04-28 22:23:02,577 autoreload 668 Watching for file changes with StatReloader
INFO 2024-04-28 22:23:16,399 autoreload 266 E:\桌面\计算机\全栈\django\django项目\kefu\kefu\settings.py changed, reloading.
INFO 2024-04-28 22:23:16,799 autoreload 668 Watching for file changes with StatReloader
INFO 2024-04-28 22:23:21,339 autoreload 266 E:\桌面\计算机\全栈\django\django项目\kefu\kefu\settings.py changed, reloading.
INFO 2024-04-28 22:23:21,741 autoreload 668 Watching for file changes with StatReloader
INFO 2024-04-28 22:23:43,801 autoreload 266 E:\桌面\计算机\全栈\django\django项目\kefu\kefu\settings.py changed, reloading.
INFO 2024-04-28 22:23:44,211 autoreload 668 Watching for file changes with StatReloader
INFO 2024-04-28 22:23:49,742 autoreload 266 E:\桌面\计算机\全栈\django\django项目\kefu\kefu\settings.py changed, reloading.
INFO 2024-04-28 22:23:50,135 autoreload 668 Watching for file changes with StatReloader
INFO 2024-04-28 22:23:57,770 autoreload 266 E:\桌面\计算机\全栈\django\django项目\kefu\kefu\settings.py changed, reloading.
INFO 2024-04-28 22:23:58,227 autoreload 668 Watching for file changes with StatReloader
INFO 2024-04-28 22:24:09,932 autoreload 266 E:\桌面\计算机\全栈\django\django项目\kefu\kefu\settings.py changed, reloading.
INFO 2024-04-28 22:24:10,336 autoreload 668 Watching for file changes with StatReloader
INFO 2024-04-28 22:24:16,929 autoreload 266 E:\桌面\计算机\全栈\django\django项目\kefu\kefu\settings.py changed, reloading.
INFO 2024-04-28 22:24:17,371 autoreload 668 Watching for file changes with StatReloader
INFO 2024-04-28 22:24:26,038 autoreload 266 E:\桌面\计算机\全栈\django\django项目\kefu\kefu\settings.py changed, reloading.
INFO 2024-04-28 22:24:26,439 autoreload 668 Watching for file changes with StatReloader
INFO 2024-04-28 22:24:47,459 autoreload 266 E:\桌面\计算机\全栈\django\django项目\kefu\kefu\settings.py changed, reloading.
INFO 2024-04-28 22:24:47,859 autoreload 668 Watching for file changes with StatReloader
WARNING 2024-04-28 22:25:05,094 log 241 Not Found: /
WARNING 2024-04-28 22:25:05,094 basehttp 212 "GET / HTTP/1.1" 404 2209
WARNING 2024-04-28 22:25:05,099 log 241 Not Found: /
WARNING 2024-04-28 22:25:05,100 basehttp 212 "GET / HTTP/1.1" 404 2209
INFO 2024-04-28 22:25:09,422 basehttp 212 "GET /home/ HTTP/1.1" 200 9821
WARNING 2024-04-28 22:25:09,486 basehttp 212 "GET /static/bootstrap/bootstrap.min.css%22 HTTP/1.1" 404 1855
INFO 2024-04-28 22:25:09,623 basehttp 212 "GET /static/css/reset.css HTTP/1.1" 200 1317
INFO 2024-04-28 22:25:09,626 basehttp 212 "GET /static/assets/newp.jpg HTTP/1.1" 200 27272
INFO 2024-04-28 22:25:09,632 basehttp 212 "GET /static/bootstrap/bootstrap.min.js HTTP/1.1" 200 59177
INFO 2024-04-28 22:25:09,715 basehttp 212 "GET /static/js/new_scripy.js HTTP/1.1" 200 539
INFO 2024-04-28 22:25:09,933 basehttp 212 "GET /static/assets/images/980.jpg HTTP/1.1" 200 188258
INFO 2024-04-28 22:25:27,964 autoreload 266 E:\桌面\计算机\全栈\django\django项目\kefu\kefu\settings.py changed, reloading.
INFO 2024-04-28 22:25:28,375 autoreload 668 Watching for file changes with StatReloader
INFO 2024-04-28 22:25:40,126 autoreload 266 E:\桌面\计算机\全栈\django\django项目\kefu\kefu\settings.py changed, reloading.
INFO 2024-04-28 22:25:40,523 autoreload 668 Watching for file changes with StatReloader
INFO 2024-04-28 22:25:49,473 autoreload 668 Watching for file changes with StatReloader
INFO 2024-04-28 22:51:43,840 autoreload 668 Watching for file changes with StatReloader
WARNING 2024-04-28 22:51:45,636 log 241 Not Found: /
WARNING 2024-04-28 22:51:45,636 basehttp 212 "GET / HTTP/1.1" 404 2209
WARNING 2024-04-28 22:51:45,642 log 241 Not Found: /
WARNING 2024-04-28 22:51:45,643 basehttp 212 "GET / HTTP/1.1" 404 2209
INFO 2024-04-28 22:51:49,561 basehttp 212 "GET /home/ HTTP/1.1" 200 9821
WARNING 2024-04-28 22:51:49,620 basehttp 212 "GET /static/bootstrap/bootstrap.min.css%22 HTTP/1.1" 404 1855
INFO 2024-04-28 22:52:56,875 autoreload 668 Watching for file changes with StatReloader
WARNING 2024-04-28 22:52:58,584 log 241 Not Found: /
WARNING 2024-04-28 22:52:58,584 basehttp 212 "GET / HTTP/1.1" 404 2209
WARNING 2024-04-28 22:52:58,589 log 241 Not Found: /
WARNING 2024-04-28 22:52:58,589 basehttp 212 "GET / HTTP/1.1" 404 2209
INFO 2024-04-28 22:53:02,873 basehttp 212 "GET /home/ HTTP/1.1" 200 9821
WARNING 2024-04-28 22:53:02,935 basehttp 212 "GET /static/bootstrap/bootstrap.min.css%22 HTTP/1.1" 404 1855
INFO 2024-04-28 22:54:11,806 autoreload 668 Watching for file changes with StatReloader
WARNING 2024-04-28 22:54:13,396 log 241 Not Found: /
WARNING 2024-04-28 22:54:13,397 basehttp 212 "GET / HTTP/1.1" 404 2209
WARNING 2024-04-28 22:54:13,402 log 241 Not Found: /
WARNING 2024-04-28 22:54:13,402 basehttp 212 "GET / HTTP/1.1" 404 2209
INFO 2024-04-28 22:54:15,992 basehttp 212 "GET /home/ HTTP/1.1" 200 9829
WARNING 2024-04-28 22:54:16,047 basehttp 212 "GET /static/bootstrap/bootstrap.min.css%22 HTTP/1.1" 404 1855
WARNING 2024-04-28 22:54:17,120 basehttp 212 "GET /static/favicon.ico HTTP/1.1" 404 1792
INFO 2024-04-28 22:56:27,104 autoreload 266 E:\桌面\计算机\全栈\django\django项目\kefu\app\rengong\urls.py changed, reloading.
INFO 2024-04-28 22:56:27,525 autoreload 668 Watching for file changes with StatReloader
WARNING 2024-04-28 22:56:29,952 log 241 Not Found: /
WARNING 2024-04-28 22:56:29,954 basehttp 212 "GET / HTTP/1.1" 404 2208
WARNING 2024-04-28 22:56:29,958 log 241 Not Found: /
WARNING 2024-04-28 22:56:29,959 basehttp 212 "GET / HTTP/1.1" 404 2208
WARNING 2024-04-28 22:56:32,569 log 241 Not Found: /home/
WARNING 2024-04-28 22:56:32,569 basehttp 212 "GET /home/ HTTP/1.1" 404 2241
WARNING 2024-04-28 22:56:33,600 log 241 Not Found: /home/
WARNING 2024-04-28 22:56:33,601 basehttp 212 "GET /home/ HTTP/1.1" 404 2241
INFO 2024-04-28 22:56:42,606 autoreload 266 E:\桌面\计算机\全栈\django\django项目\kefu\app\rengong\urls.py changed, reloading.
INFO 2024-04-28 22:56:43,032 autoreload 668 Watching for file changes with StatReloader
INFO 2024-04-28 22:56:48,585 autoreload 266 E:\桌面\计算机\全栈\django\django项目\kefu\app\rengong\urls.py changed, reloading.
INFO 2024-04-28 22:56:49,019 autoreload 668 Watching for file changes with StatReloader
WARNING 2024-04-28 22:56:50,762 log 241 Not Found: /
WARNING 2024-04-28 22:56:50,762 basehttp 212 "GET / HTTP/1.1" 404 2210
WARNING 2024-04-28 22:56:50,767 log 241 Not Found: /
WARNING 2024-04-28 22:56:50,769 basehttp 212 "GET / HTTP/1.1" 404 2210
WARNING 2024-04-28 22:56:54,434 log 241 Not Found: /home/
WARNING 2024-04-28 22:56:54,435 basehttp 212 "GET /home/ HTTP/1.1" 404 2243
WARNING 2024-04-28 22:56:55,615 log 241 Not Found: /home/
WARNING 2024-04-28 22:56:55,615 basehttp 212 "GET /home/ HTTP/1.1" 404 2243
INFO 2024-04-28 22:57:02,033 autoreload 266 E:\桌面\计算机\全栈\django\django项目\kefu\app\rengong\urls.py changed, reloading.
INFO 2024-04-28 22:57:02,430 autoreload 668 Watching for file changes with StatReloader
WARNING 2024-04-28 22:57:15,513 log 241 Not Found: /
WARNING 2024-04-28 22:57:15,514 basehttp 212 "GET / HTTP/1.1" 404 2209
WARNING 2024-04-28 22:57:15,520 log 241 Not Found: /
WARNING 2024-04-28 22:57:15,520 basehttp 212 "GET / HTTP/1.1" 404 2209
INFO 2024-04-28 22:57:18,343 basehttp 212 "GET /home/ HTTP/1.1" 200 9829
WARNING 2024-04-28 22:57:18,403 basehttp 212 "GET /static/bootstrap/bootstrap.min.css%22 HTTP/1.1" 404 1855
WARNING 2024-04-28 22:57:25,249 basehttp 212 "GET /static/bootstrap/bootstrap.min.css%22 HTTP/1.1" 404 1855
INFO 2024-04-28 22:57:25,700 basehttp 212 "GET /home/ HTTP/1.1" 200 9829
WARNING 2024-04-28 22:57:25,725 basehttp 212 "GET /static/css/reset.css HTTP/1.1" 404 1798
WARNING 2024-04-28 22:57:26,013 basehttp 212 "GET /static/bootstrap/bootstrap.min.css%22 HTTP/1.1" 404 1855
WARNING 2024-04-28 22:57:26,047 basehttp 212 "GET /static/js/new_scripy.js HTTP/1.1" 404 1807
WARNING 2024-04-28 22:57:26,047 basehttp 212 "GET /static/assets/newp.jpg HTTP/1.1" 404 1804
WARNING 2024-04-28 22:57:26,089 basehttp 212 "GET /static/bootstrap/bootstrap.min.js HTTP/1.1" 404 1837
WARNING 2024-04-28 22:57:26,507 basehttp 212 "GET /static/assets/images/980.jpg HTTP/1.1" 404 1822
INFO 2024-04-28 22:59:54,674 autoreload 668 Watching for file changes with StatReloader
WARNING 2024-04-28 22:59:56,723 log 241 Not Found: /
WARNING 2024-04-28 22:59:56,724 basehttp 212 "GET / HTTP/1.1" 404 2209
WARNING 2024-04-28 22:59:56,727 log 241 Not Found: /
WARNING 2024-04-28 22:59:56,729 basehttp 212 "GET / HTTP/1.1" 404 2209
INFO 2024-04-28 22:59:58,560 basehttp 212 "GET /home/ HTTP/1.1" 200 9829
WARNING 2024-04-28 22:59:58,629 basehttp 212 "GET /static/css/reset.css HTTP/1.1" 404 1798
WARNING 2024-04-28 22:59:58,629 basehttp 212 "GET /static/bootstrap/bootstrap.min.css%22 HTTP/1.1" 404 1855
WARNING 2024-04-28 22:59:58,680 basehttp 212 "GET /static/js/new_scripy.js HTTP/1.1" 404 1807
WARNING 2024-04-28 22:59:58,991 basehttp 212 "GET /static/assets/newp.jpg HTTP/1.1" 404 1804
WARNING 2024-04-28 22:59:58,991 basehttp 212 "GET /static/bootstrap/bootstrap.min.js HTTP/1.1" 404 1837
WARNING 2024-04-28 22:59:59,331 basehttp 212 "GET /static/assets/images/980.jpg HTTP/1.1" 404 1822
INFO 2024-04-28 23:00:17,543 autoreload 668 Watching for file changes with StatReloader
WARNING 2024-04-28 23:00:19,231 log 241 Not Found: /
WARNING 2024-04-28 23:00:19,232 basehttp 212 "GET / HTTP/1.1" 404 2209
WARNING 2024-04-28 23:00:19,239 log 241 Not Found: /
WARNING 2024-04-28 23:00:19,239 basehttp 212 "GET / HTTP/1.1" 404 2209
INFO 2024-04-28 23:00:21,469 basehttp 212 "GET /home/ HTTP/1.1" 200 9829
WARNING 2024-04-28 23:00:21,533 basehttp 212 "GET /static/css/reset.css HTTP/1.1" 404 1798
WARNING 2024-04-28 23:00:21,533 basehttp 212 "GET /static/bootstrap/bootstrap.min.css%22 HTTP/1.1" 404 1855
WARNING 2024-04-28 23:00:21,583 basehttp 212 "GET /static/js/new_scripy.js HTTP/1.1" 404 1807
WARNING 2024-04-28 23:00:21,888 basehttp 212 "GET /static/assets/newp.jpg HTTP/1.1" 404 1804
WARNING 2024-04-28 23:00:21,891 basehttp 212 "GET /static/bootstrap/bootstrap.min.js HTTP/1.1" 404 1837
WARNING 2024-04-28 23:00:22,233 basehttp 212 "GET /static/assets/images/980.jpg HTTP/1.1" 404 1822
INFO 2024-04-28 23:00:50,583 autoreload 668 Watching for file changes with StatReloader
WARNING 2024-04-28 23:00:52,743 log 241 Not Found: /
WARNING 2024-04-28 23:00:52,744 basehttp 212 "GET / HTTP/1.1" 404 2209
WARNING 2024-04-28 23:00:52,748 log 241 Not Found: /
WARNING 2024-04-28 23:00:52,749 basehttp 212 "GET / HTTP/1.1" 404 2209
INFO 2024-04-28 23:00:55,005 basehttp 212 "GET /home/ HTTP/1.1" 200 9829
WARNING 2024-04-28 23:00:55,071 basehttp 212 "GET /static/css/reset.css HTTP/1.1" 404 1798
WARNING 2024-04-28 23:00:55,073 basehttp 212 "GET /static/bootstrap/bootstrap.min.css%22 HTTP/1.1" 404 1855
WARNING 2024-04-28 23:00:55,128 basehttp 212 "GET /static/js/new_scripy.js HTTP/1.1" 404 1807
WARNING 2024-04-28 23:00:55,431 basehttp 212 "GET /static/assets/newp.jpg HTTP/1.1" 404 1804
WARNING 2024-04-28 23:00:55,436 basehttp 212 "GET /static/bootstrap/bootstrap.min.js HTTP/1.1" 404 1837
WARNING 2024-04-28 23:00:55,776 basehttp 212 "GET /static/assets/images/980.jpg HTTP/1.1" 404 1822
INFO 2024-04-28 23:02:41,501 autoreload 668 Watching for file changes with StatReloader
WARNING 2024-04-28 23:02:43,340 log 241 Not Found: /
WARNING 2024-04-28 23:02:43,340 basehttp 212 "GET / HTTP/1.1" 404 2209
WARNING 2024-04-28 23:02:43,346 log 241 Not Found: /
WARNING 2024-04-28 23:02:43,347 basehttp 212 "GET / HTTP/1.1" 404 2209
INFO 2024-04-28 23:02:46,557 basehttp 212 "GET /home/ HTTP/1.1" 200 9829
WARNING 2024-04-28 23:02:46,626 basehttp 212 "GET /static/bootstrap/bootstrap.min.css%22 HTTP/1.1" 404 1855
WARNING 2024-04-28 23:02:46,628 basehttp 212 "GET /static/css/reset.css HTTP/1.1" 404 1798
WARNING 2024-04-28 23:02:46,711 basehttp 212 "GET /static/js/new_scripy.js HTTP/1.1" 404 1807
WARNING 2024-04-28 23:02:47,024 basehttp 212 "GET /static/bootstrap/bootstrap.min.js HTTP/1.1" 404 1837
WARNING 2024-04-28 23:02:47,026 basehttp 212 "GET /static/assets/newp.jpg HTTP/1.1" 404 1804
WARNING 2024-04-28 23:02:47,385 basehttp 212 "GET /static/assets/images/980.jpg HTTP/1.1" 404 1822
INFO 2024-04-28 23:04:05,708 autoreload 668 Watching for file changes with StatReloader
WARNING 2024-04-28 23:04:07,390 log 241 Not Found: /
WARNING 2024-04-28 23:04:07,391 basehttp 212 "GET / HTTP/1.1" 404 2209
WARNING 2024-04-28 23:04:07,398 log 241 Not Found: /
WARNING 2024-04-28 23:04:07,399 basehttp 212 "GET / HTTP/1.1" 404 2209
INFO 2024-04-28 23:04:09,455 basehttp 212 "GET /home/ HTTP/1.1" 200 9829
WARNING 2024-04-28 23:04:09,537 basehttp 212 "GET /static/bootstrap/bootstrap.min.css%22 HTTP/1.1" 404 1855
WARNING 2024-04-28 23:04:09,538 basehttp 212 "GET /static/css/reset.css HTTP/1.1" 404 1798
WARNING 2024-04-28 23:04:09,626 basehttp 212 "GET /static/js/new_scripy.js HTTP/1.1" 404 1807
WARNING 2024-04-28 23:04:09,925 basehttp 212 "GET /static/assets/newp.jpg HTTP/1.1" 404 1804
WARNING 2024-04-28 23:04:09,942 basehttp 212 "GET /static/bootstrap/bootstrap.min.js HTTP/1.1" 404 1837
WARNING 2024-04-28 23:04:10,300 basehttp 212 "GET /static/assets/images/980.jpg HTTP/1.1" 404 1822
INFO 2024-04-28 23:05:06,531 autoreload 668 Watching for file changes with StatReloader
WARNING 2024-04-28 23:05:09,131 log 241 Not Found: /
WARNING 2024-04-28 23:05:09,132 basehttp 212 "GET / HTTP/1.1" 404 2209
WARNING 2024-04-28 23:05:09,139 log 241 Not Found: /
WARNING 2024-04-28 23:05:09,140 basehttp 212 "GET / HTTP/1.1" 404 2209
INFO 2024-04-28 23:05:12,472 basehttp 212 "GET /home/ HTTP/1.1" 200 9829
WARNING 2024-04-28 23:05:12,566 basehttp 212 "GET /static/css/reset.css HTTP/1.1" 404 1798
WARNING 2024-04-28 23:05:12,568 basehttp 212 "GET /static/bootstrap/bootstrap.min.css%22 HTTP/1.1" 404 1855
WARNING 2024-04-28 23:05:12,661 basehttp 212 "GET /static/js/new_scripy.js HTTP/1.1" 404 1807
WARNING 2024-04-28 23:05:12,977 basehttp 212 "GET /static/bootstrap/bootstrap.min.js HTTP/1.1" 404 1837
WARNING 2024-04-28 23:05:12,978 basehttp 212 "GET /static/assets/newp.jpg HTTP/1.1" 404 1804
WARNING 2024-04-28 23:05:13,334 basehttp 212 "GET /static/assets/images/980.jpg HTTP/1.1" 404 1822
INFO 2024-04-28 23:05:39,371 basehttp 212 "GET /home/ HTTP/1.1" 200 9829
WARNING 2024-04-28 23:05:39,404 basehttp 212 "GET /static/bootstrap/bootstrap.min.css%22 HTTP/1.1" 404 1855
WARNING 2024-04-28 23:05:39,404 basehttp 212 "GET /static/css/reset.css HTTP/1.1" 404 1798
WARNING 2024-04-28 23:05:39,627 basehttp 212 "GET /static/js/new_scripy.js HTTP/1.1" 404 1807
WARNING 2024-04-28 23:05:39,706 basehttp 212 "GET /static/assets/newp.jpg HTTP/1.1" 404 1804
WARNING 2024-04-28 23:05:39,847 basehttp 212 "GET /static/bootstrap/bootstrap.min.js HTTP/1.1" 404 1837
WARNING 2024-04-28 23:06:04,476 basehttp 212 "GET /static/assets/images/980.jpg HTTP/1.1" 404 1822
INFO 2024-04-28 23:07:35,531 autoreload 668 Watching for file changes with StatReloader
WARNING 2024-04-28 23:07:37,568 log 241 Not Found: /
WARNING 2024-04-28 23:07:37,568 basehttp 212 "GET / HTTP/1.1" 404 2209
WARNING 2024-04-28 23:07:37,574 log 241 Not Found: /
WARNING 2024-04-28 23:07:37,575 basehttp 212 "GET / HTTP/1.1" 404 2209
ERROR 2024-04-28 23:07:41,111 log 241 Internal Server Error: /home/
Traceback (most recent call last):
  File "E:\桌面\计算机\全栈\django\ven_dj\Lib\site-packages\django\template\defaulttags.py", line 1034, in find_library
    return parser.libraries[name]
           ~~~~~~~~~~~~~~~~^^^^^^
KeyError: 'staticfiles'

During handling of the above exception, another exception occurred:

Traceback (most recent call last):
  File "E:\桌面\计算机\全栈\django\ven_dj\Lib\site-packages\django\core\handlers\exception.py", line 55, in inner
    response = get_response(request)
               ^^^^^^^^^^^^^^^^^^^^^
  File "E:\桌面\计算机\全栈\django\ven_dj\Lib\site-packages\django\core\handlers\base.py", line 197, in _get_response
    response = wrapped_callback(request, *callback_args, **callback_kwargs)
               ^^^^^^^^^^^^^^^^^^^^^^^^^^^^^^^^^^^^^^^^^^^^^^^^^^^^^^^^^^^^
  File "E:\桌面\计算机\全栈\django\django项目\kefu\app\rengong\views.py", line 12, in index
    return render(request, '客服/new_service.html')
           ^^^^^^^^^^^^^^^^^^^^^^^^^^^^^^^^^^^^^^
  File "E:\桌面\计算机\全栈\django\ven_dj\Lib\site-packages\django\shortcuts.py", line 25, in render
    content = loader.render_to_string(template_name, context, request, using=using)
              ^^^^^^^^^^^^^^^^^^^^^^^^^^^^^^^^^^^^^^^^^^^^^^^^^^^^^^^^^^^^^^^^^^^^^
  File "E:\桌面\计算机\全栈\django\ven_dj\Lib\site-packages\django\template\loader.py", line 61, in render_to_string
    template = get_template(template_name, using=using)
               ^^^^^^^^^^^^^^^^^^^^^^^^^^^^^^^^^^^^^^^^
  File "E:\桌面\计算机\全栈\django\ven_dj\Lib\site-packages\django\template\loader.py", line 15, in get_template
    return engine.get_template(template_name)
           ^^^^^^^^^^^^^^^^^^^^^^^^^^^^^^^^^^
  File "E:\桌面\计算机\全栈\django\ven_dj\Lib\site-packages\django\template\backends\django.py", line 33, in get_template
    return Template(self.engine.get_template(template_name), self)
                    ^^^^^^^^^^^^^^^^^^^^^^^^^^^^^^^^^^^^^^^
  File "E:\桌面\计算机\全栈\django\ven_dj\Lib\site-packages\django\template\engine.py", line 177, in get_template
    template, origin = self.find_template(template_name)
                       ^^^^^^^^^^^^^^^^^^^^^^^^^^^^^^^^^
  File "E:\桌面\计算机\全栈\django\ven_dj\Lib\site-packages\django\template\engine.py", line 159, in find_template
    template = loader.get_template(name, skip=skip)
               ^^^^^^^^^^^^^^^^^^^^^^^^^^^^^^^^^^^^
  File "E:\桌面\计算机\全栈\django\ven_dj\Lib\site-packages\django\template\loaders\cached.py", line 57, in get_template
    template = super().get_template(template_name, skip)
               ^^^^^^^^^^^^^^^^^^^^^^^^^^^^^^^^^^^^^^^^^
  File "E:\桌面\计算机\全栈\django\ven_dj\Lib\site-packages\django\template\loaders\base.py", line 28, in get_template
    return Template(
           ^^^^^^^^^
  File "E:\桌面\计算机\全栈\django\ven_dj\Lib\site-packages\django\template\base.py", line 154, in __init__
    self.nodelist = self.compile_nodelist()
                    ^^^^^^^^^^^^^^^^^^^^^^^
  File "E:\桌面\计算机\全栈\django\ven_dj\Lib\site-packages\django\template\base.py", line 196, in compile_nodelist
    return parser.parse()
           ^^^^^^^^^^^^^^
  File "E:\桌面\计算机\全栈\django\ven_dj\Lib\site-packages\django\template\base.py", line 510, in parse
    raise self.error(token, e)
  File "E:\桌面\计算机\全栈\django\ven_dj\Lib\site-packages\django\template\base.py", line 508, in parse
    compiled_result = compile_func(self, token)
                      ^^^^^^^^^^^^^^^^^^^^^^^^^
  File "E:\桌面\计算机\全栈\django\ven_dj\Lib\site-packages\django\template\defaulttags.py", line 1096, in load
    lib = find_library(parser, name)
          ^^^^^^^^^^^^^^^^^^^^^^^^^^
  File "E:\桌面\计算机\全栈\django\ven_dj\Lib\site-packages\django\template\defaulttags.py", line 1036, in find_library
    raise TemplateSyntaxError(
django.template.exceptions.TemplateSyntaxError: 'staticfiles' is not a registered tag library. Must be one of:
admin_list
admin_modify
admin_urls
cache
i18n
l10n
log
static
tz
ERROR 2024-04-28 23:07:41,122 basehttp 212 "GET /home/ HTTP/1.1" 500 174430
ERROR 2024-04-28 23:07:42,122 log 241 Internal Server Error: /home/
Traceback (most recent call last):
  File "E:\桌面\计算机\全栈\django\ven_dj\Lib\site-packages\django\template\defaulttags.py", line 1034, in find_library
    return parser.libraries[name]
           ~~~~~~~~~~~~~~~~^^^^^^
KeyError: 'staticfiles'

During handling of the above exception, another exception occurred:

Traceback (most recent call last):
  File "E:\桌面\计算机\全栈\django\ven_dj\Lib\site-packages\django\core\handlers\exception.py", line 55, in inner
    response = get_response(request)
               ^^^^^^^^^^^^^^^^^^^^^
  File "E:\桌面\计算机\全栈\django\ven_dj\Lib\site-packages\django\core\handlers\base.py", line 197, in _get_response
    response = wrapped_callback(request, *callback_args, **callback_kwargs)
               ^^^^^^^^^^^^^^^^^^^^^^^^^^^^^^^^^^^^^^^^^^^^^^^^^^^^^^^^^^^^
  File "E:\桌面\计算机\全栈\django\django项目\kefu\app\rengong\views.py", line 12, in index
    return render(request, '客服/new_service.html')
           ^^^^^^^^^^^^^^^^^^^^^^^^^^^^^^^^^^^^^^
  File "E:\桌面\计算机\全栈\django\ven_dj\Lib\site-packages\django\shortcuts.py", line 25, in render
    content = loader.render_to_string(template_name, context, request, using=using)
              ^^^^^^^^^^^^^^^^^^^^^^^^^^^^^^^^^^^^^^^^^^^^^^^^^^^^^^^^^^^^^^^^^^^^^
  File "E:\桌面\计算机\全栈\django\ven_dj\Lib\site-packages\django\template\loader.py", line 61, in render_to_string
    template = get_template(template_name, using=using)
               ^^^^^^^^^^^^^^^^^^^^^^^^^^^^^^^^^^^^^^^^
  File "E:\桌面\计算机\全栈\django\ven_dj\Lib\site-packages\django\template\loader.py", line 15, in get_template
    return engine.get_template(template_name)
           ^^^^^^^^^^^^^^^^^^^^^^^^^^^^^^^^^^
  File "E:\桌面\计算机\全栈\django\ven_dj\Lib\site-packages\django\template\backends\django.py", line 33, in get_template
    return Template(self.engine.get_template(template_name), self)
                    ^^^^^^^^^^^^^^^^^^^^^^^^^^^^^^^^^^^^^^^
  File "E:\桌面\计算机\全栈\django\ven_dj\Lib\site-packages\django\template\engine.py", line 177, in get_template
    template, origin = self.find_template(template_name)
                       ^^^^^^^^^^^^^^^^^^^^^^^^^^^^^^^^^
  File "E:\桌面\计算机\全栈\django\ven_dj\Lib\site-packages\django\template\engine.py", line 159, in find_template
    template = loader.get_template(name, skip=skip)
               ^^^^^^^^^^^^^^^^^^^^^^^^^^^^^^^^^^^^
  File "E:\桌面\计算机\全栈\django\ven_dj\Lib\site-packages\django\template\loaders\cached.py", line 57, in get_template
    template = super().get_template(template_name, skip)
               ^^^^^^^^^^^^^^^^^^^^^^^^^^^^^^^^^^^^^^^^^
  File "E:\桌面\计算机\全栈\django\ven_dj\Lib\site-packages\django\template\loaders\base.py", line 28, in get_template
    return Template(
           ^^^^^^^^^
  File "E:\桌面\计算机\全栈\django\ven_dj\Lib\site-packages\django\template\base.py", line 154, in __init__
    self.nodelist = self.compile_nodelist()
                    ^^^^^^^^^^^^^^^^^^^^^^^
  File "E:\桌面\计算机\全栈\django\ven_dj\Lib\site-packages\django\template\base.py", line 196, in compile_nodelist
    return parser.parse()
           ^^^^^^^^^^^^^^
  File "E:\桌面\计算机\全栈\django\ven_dj\Lib\site-packages\django\template\base.py", line 510, in parse
    raise self.error(token, e)
  File "E:\桌面\计算机\全栈\django\ven_dj\Lib\site-packages\django\template\base.py", line 508, in parse
    compiled_result = compile_func(self, token)
                      ^^^^^^^^^^^^^^^^^^^^^^^^^
  File "E:\桌面\计算机\全栈\django\ven_dj\Lib\site-packages\django\template\defaulttags.py", line 1096, in load
    lib = find_library(parser, name)
          ^^^^^^^^^^^^^^^^^^^^^^^^^^
  File "E:\桌面\计算机\全栈\django\ven_dj\Lib\site-packages\django\template\defaulttags.py", line 1036, in find_library
    raise TemplateSyntaxError(
django.template.exceptions.TemplateSyntaxError: 'staticfiles' is not a registered tag library. Must be one of:
admin_list
admin_modify
admin_urls
cache
i18n
l10n
log
static
tz
ERROR 2024-04-28 23:07:42,128 basehttp 212 "GET /home/ HTTP/1.1" 500 174156
INFO 2024-04-28 23:08:50,490 autoreload 668 Watching for file changes with StatReloader
WARNING 2024-04-28 23:08:54,487 log 241 Not Found: /
WARNING 2024-04-28 23:08:54,488 basehttp 212 "GET / HTTP/1.1" 404 2209
WARNING 2024-04-28 23:08:54,494 log 241 Not Found: /
WARNING 2024-04-28 23:08:54,495 basehttp 212 "GET / HTTP/1.1" 404 2209
INFO 2024-04-28 23:08:57,049 basehttp 212 "GET /home/ HTTP/1.1" 200 9829
WARNING 2024-04-28 23:08:57,122 basehttp 212 "GET /static/css/reset.css HTTP/1.1" 404 1798
WARNING 2024-04-28 23:08:57,123 basehttp 212 "GET /static/bootstrap/bootstrap.min.css%22 HTTP/1.1" 404 1855
WARNING 2024-04-28 23:08:57,202 basehttp 212 "GET /static/js/new_scripy.js HTTP/1.1" 404 1807
WARNING 2024-04-28 23:08:57,517 basehttp 212 "GET /static/assets/newp.jpg HTTP/1.1" 404 1804
WARNING 2024-04-28 23:08:57,736 basehttp 212 "GET /static/bootstrap/bootstrap.min.js HTTP/1.1" 404 1837
WARNING 2024-04-28 23:08:58,141 basehttp 212 "GET /static/assets/images/980.jpg HTTP/1.1" 404 1822
INFO 2024-04-28 23:18:33,462 autoreload 266 E:\桌面\计算机\全栈\django\django项目\kefu\kefu\settings.py changed, reloading.
INFO 2024-04-28 23:18:34,096 autoreload 668 Watching for file changes with StatReloader
INFO 2024-04-28 23:18:47,323 autoreload 266 E:\桌面\计算机\全栈\django\django项目\kefu\kefu\settings.py changed, reloading.
INFO 2024-04-28 23:18:59,164 autoreload 668 Watching for file changes with StatReloader
INFO 2024-04-28 23:19:31,672 autoreload 668 Watching for file changes with StatReloader
WARNING 2024-04-28 23:19:33,619 log 241 Not Found: /
WARNING 2024-04-28 23:19:33,620 basehttp 212 "GET / HTTP/1.1" 404 2209
WARNING 2024-04-28 23:19:33,626 log 241 Not Found: /
WARNING 2024-04-28 23:19:33,626 basehttp 212 "GET / HTTP/1.1" 404 2209
ERROR 2024-04-28 23:19:36,194 log 241 Internal Server Error: /home/
Traceback (most recent call last):
  File "E:\桌面\计算机\全栈\django\ven_dj\Lib\site-packages\django\template\defaulttags.py", line 1034, in find_library
    return parser.libraries[name]
           ~~~~~~~~~~~~~~~~^^^^^^
KeyError: 'staticfiles'

During handling of the above exception, another exception occurred:

Traceback (most recent call last):
  File "E:\桌面\计算机\全栈\django\ven_dj\Lib\site-packages\django\core\handlers\exception.py", line 55, in inner
    response = get_response(request)
               ^^^^^^^^^^^^^^^^^^^^^
  File "E:\桌面\计算机\全栈\django\ven_dj\Lib\site-packages\django\core\handlers\base.py", line 197, in _get_response
    response = wrapped_callback(request, *callback_args, **callback_kwargs)
               ^^^^^^^^^^^^^^^^^^^^^^^^^^^^^^^^^^^^^^^^^^^^^^^^^^^^^^^^^^^^
  File "E:\桌面\计算机\全栈\django\django项目\kefu\app\rengong\views.py", line 12, in index
    return render(request, '客服/new_service.html')
           ^^^^^^^^^^^^^^^^^^^^^^^^^^^^^^^^^^^^^^
  File "E:\桌面\计算机\全栈\django\ven_dj\Lib\site-packages\django\shortcuts.py", line 25, in render
    content = loader.render_to_string(template_name, context, request, using=using)
              ^^^^^^^^^^^^^^^^^^^^^^^^^^^^^^^^^^^^^^^^^^^^^^^^^^^^^^^^^^^^^^^^^^^^^
  File "E:\桌面\计算机\全栈\django\ven_dj\Lib\site-packages\django\template\loader.py", line 61, in render_to_string
    template = get_template(template_name, using=using)
               ^^^^^^^^^^^^^^^^^^^^^^^^^^^^^^^^^^^^^^^^
  File "E:\桌面\计算机\全栈\django\ven_dj\Lib\site-packages\django\template\loader.py", line 15, in get_template
    return engine.get_template(template_name)
           ^^^^^^^^^^^^^^^^^^^^^^^^^^^^^^^^^^
  File "E:\桌面\计算机\全栈\django\ven_dj\Lib\site-packages\django\template\backends\django.py", line 33, in get_template
    return Template(self.engine.get_template(template_name), self)
                    ^^^^^^^^^^^^^^^^^^^^^^^^^^^^^^^^^^^^^^^
  File "E:\桌面\计算机\全栈\django\ven_dj\Lib\site-packages\django\template\engine.py", line 177, in get_template
    template, origin = self.find_template(template_name)
                       ^^^^^^^^^^^^^^^^^^^^^^^^^^^^^^^^^
  File "E:\桌面\计算机\全栈\django\ven_dj\Lib\site-packages\django\template\engine.py", line 159, in find_template
    template = loader.get_template(name, skip=skip)
               ^^^^^^^^^^^^^^^^^^^^^^^^^^^^^^^^^^^^
  File "E:\桌面\计算机\全栈\django\ven_dj\Lib\site-packages\django\template\loaders\cached.py", line 57, in get_template
    template = super().get_template(template_name, skip)
               ^^^^^^^^^^^^^^^^^^^^^^^^^^^^^^^^^^^^^^^^^
  File "E:\桌面\计算机\全栈\django\ven_dj\Lib\site-packages\django\template\loaders\base.py", line 28, in get_template
    return Template(
           ^^^^^^^^^
  File "E:\桌面\计算机\全栈\django\ven_dj\Lib\site-packages\django\template\base.py", line 154, in __init__
    self.nodelist = self.compile_nodelist()
                    ^^^^^^^^^^^^^^^^^^^^^^^
  File "E:\桌面\计算机\全栈\django\ven_dj\Lib\site-packages\django\template\base.py", line 196, in compile_nodelist
    return parser.parse()
           ^^^^^^^^^^^^^^
  File "E:\桌面\计算机\全栈\django\ven_dj\Lib\site-packages\django\template\base.py", line 510, in parse
    raise self.error(token, e)
  File "E:\桌面\计算机\全栈\django\ven_dj\Lib\site-packages\django\template\base.py", line 508, in parse
    compiled_result = compile_func(self, token)
                      ^^^^^^^^^^^^^^^^^^^^^^^^^
  File "E:\桌面\计算机\全栈\django\ven_dj\Lib\site-packages\django\template\defaulttags.py", line 1096, in load
    lib = find_library(parser, name)
          ^^^^^^^^^^^^^^^^^^^^^^^^^^
  File "E:\桌面\计算机\全栈\django\ven_dj\Lib\site-packages\django\template\defaulttags.py", line 1036, in find_library
    raise TemplateSyntaxError(
django.template.exceptions.TemplateSyntaxError: 'staticfiles' is not a registered tag library. Must be one of:
admin_list
admin_modify
admin_urls
cache
i18n
l10n
log
static
tz
ERROR 2024-04-28 23:19:36,199 basehttp 212 "GET /home/ HTTP/1.1" 500 174561
ERROR 2024-04-28 23:19:37,363 log 241 Internal Server Error: /home/
Traceback (most recent call last):
  File "E:\桌面\计算机\全栈\django\ven_dj\Lib\site-packages\django\template\defaulttags.py", line 1034, in find_library
    return parser.libraries[name]
           ~~~~~~~~~~~~~~~~^^^^^^
KeyError: 'staticfiles'

During handling of the above exception, another exception occurred:

Traceback (most recent call last):
  File "E:\桌面\计算机\全栈\django\ven_dj\Lib\site-packages\django\core\handlers\exception.py", line 55, in inner
    response = get_response(request)
               ^^^^^^^^^^^^^^^^^^^^^
  File "E:\桌面\计算机\全栈\django\ven_dj\Lib\site-packages\django\core\handlers\base.py", line 197, in _get_response
    response = wrapped_callback(request, *callback_args, **callback_kwargs)
               ^^^^^^^^^^^^^^^^^^^^^^^^^^^^^^^^^^^^^^^^^^^^^^^^^^^^^^^^^^^^
  File "E:\桌面\计算机\全栈\django\django项目\kefu\app\rengong\views.py", line 12, in index
    return render(request, '客服/new_service.html')
           ^^^^^^^^^^^^^^^^^^^^^^^^^^^^^^^^^^^^^^
  File "E:\桌面\计算机\全栈\django\ven_dj\Lib\site-packages\django\shortcuts.py", line 25, in render
    content = loader.render_to_string(template_name, context, request, using=using)
              ^^^^^^^^^^^^^^^^^^^^^^^^^^^^^^^^^^^^^^^^^^^^^^^^^^^^^^^^^^^^^^^^^^^^^
  File "E:\桌面\计算机\全栈\django\ven_dj\Lib\site-packages\django\template\loader.py", line 61, in render_to_string
    template = get_template(template_name, using=using)
               ^^^^^^^^^^^^^^^^^^^^^^^^^^^^^^^^^^^^^^^^
  File "E:\桌面\计算机\全栈\django\ven_dj\Lib\site-packages\django\template\loader.py", line 15, in get_template
    return engine.get_template(template_name)
           ^^^^^^^^^^^^^^^^^^^^^^^^^^^^^^^^^^
  File "E:\桌面\计算机\全栈\django\ven_dj\Lib\site-packages\django\template\backends\django.py", line 33, in get_template
    return Template(self.engine.get_template(template_name), self)
                    ^^^^^^^^^^^^^^^^^^^^^^^^^^^^^^^^^^^^^^^
  File "E:\桌面\计算机\全栈\django\ven_dj\Lib\site-packages\django\template\engine.py", line 177, in get_template
    template, origin = self.find_template(template_name)
                       ^^^^^^^^^^^^^^^^^^^^^^^^^^^^^^^^^
  File "E:\桌面\计算机\全栈\django\ven_dj\Lib\site-packages\django\template\engine.py", line 159, in find_template
    template = loader.get_template(name, skip=skip)
               ^^^^^^^^^^^^^^^^^^^^^^^^^^^^^^^^^^^^
  File "E:\桌面\计算机\全栈\django\ven_dj\Lib\site-packages\django\template\loaders\cached.py", line 57, in get_template
    template = super().get_template(template_name, skip)
               ^^^^^^^^^^^^^^^^^^^^^^^^^^^^^^^^^^^^^^^^^
  File "E:\桌面\计算机\全栈\django\ven_dj\Lib\site-packages\django\template\loaders\base.py", line 28, in get_template
    return Template(
           ^^^^^^^^^
  File "E:\桌面\计算机\全栈\django\ven_dj\Lib\site-packages\django\template\base.py", line 154, in __init__
    self.nodelist = self.compile_nodelist()
                    ^^^^^^^^^^^^^^^^^^^^^^^
  File "E:\桌面\计算机\全栈\django\ven_dj\Lib\site-packages\django\template\base.py", line 196, in compile_nodelist
    return parser.parse()
           ^^^^^^^^^^^^^^
  File "E:\桌面\计算机\全栈\django\ven_dj\Lib\site-packages\django\template\base.py", line 510, in parse
    raise self.error(token, e)
  File "E:\桌面\计算机\全栈\django\ven_dj\Lib\site-packages\django\template\base.py", line 508, in parse
    compiled_result = compile_func(self, token)
                      ^^^^^^^^^^^^^^^^^^^^^^^^^
  File "E:\桌面\计算机\全栈\django\ven_dj\Lib\site-packages\django\template\defaulttags.py", line 1096, in load
    lib = find_library(parser, name)
          ^^^^^^^^^^^^^^^^^^^^^^^^^^
  File "E:\桌面\计算机\全栈\django\ven_dj\Lib\site-packages\django\template\defaulttags.py", line 1036, in find_library
    raise TemplateSyntaxError(
django.template.exceptions.TemplateSyntaxError: 'staticfiles' is not a registered tag library. Must be one of:
admin_list
admin_modify
admin_urls
cache
i18n
l10n
log
static
tz
ERROR 2024-04-28 23:19:37,370 basehttp 212 "GET /home/ HTTP/1.1" 500 174287
INFO 2024-04-28 23:20:15,417 autoreload 668 Watching for file changes with StatReloader
WARNING 2024-04-28 23:20:17,765 log 241 Not Found: /
WARNING 2024-04-28 23:20:17,766 basehttp 212 "GET / HTTP/1.1" 404 2209
WARNING 2024-04-28 23:20:17,773 log 241 Not Found: /
WARNING 2024-04-28 23:20:17,774 basehttp 212 "GET / HTTP/1.1" 404 2209
INFO 2024-04-28 23:20:20,442 basehttp 212 "GET /home/ HTTP/1.1" 200 9829
WARNING 2024-04-28 23:20:20,517 basehttp 212 "GET /static/css/reset.css HTTP/1.1" 404 1798
WARNING 2024-04-28 23:20:20,518 basehttp 212 "GET /static/bootstrap/bootstrap.min.css%22 HTTP/1.1" 404 1855
WARNING 2024-04-28 23:20:20,606 basehttp 212 "GET /static/js/new_scripy.js HTTP/1.1" 404 1807
WARNING 2024-04-28 23:20:20,924 basehttp 212 "GET /static/bootstrap/bootstrap.min.js HTTP/1.1" 404 1837
WARNING 2024-04-28 23:20:20,925 basehttp 212 "GET /static/assets/newp.jpg HTTP/1.1" 404 1804
WARNING 2024-04-28 23:20:21,822 basehttp 212 "GET /static/assets/images/980.jpg HTTP/1.1" 404 1822
INFO 2024-04-28 23:23:54,184 autoreload 266 E:\桌面\计算机\全栈\django\django项目\kefu\kefu\settings.py changed, reloading.
INFO 2024-04-28 23:23:54,742 autoreload 668 Watching for file changes with StatReloader
INFO 2024-04-28 23:24:02,876 autoreload 668 Watching for file changes with StatReloader
WARNING 2024-04-28 23:25:03,872 log 241 Not Found: /
WARNING 2024-04-28 23:25:03,874 basehttp 212 "GET / HTTP/1.1" 404 2209
WARNING 2024-04-28 23:25:03,880 log 241 Not Found: /
WARNING 2024-04-28 23:25:03,880 basehttp 212 "GET / HTTP/1.1" 404 2209
INFO 2024-04-28 23:25:06,280 basehttp 212 "GET /home/ HTTP/1.1" 200 9829
WARNING 2024-04-28 23:25:06,377 basehttp 212 "GET /static/css/reset.css HTTP/1.1" 404 1798
WARNING 2024-04-28 23:25:06,377 basehttp 212 "GET /static/bootstrap/bootstrap.min.css%22 HTTP/1.1" 404 1855
WARNING 2024-04-28 23:25:06,467 basehttp 212 "GET /static/js/new_scripy.js HTTP/1.1" 404 1807
WARNING 2024-04-28 23:25:06,787 basehttp 212 "GET /static/bootstrap/bootstrap.min.js HTTP/1.1" 404 1837
WARNING 2024-04-28 23:25:06,787 basehttp 212 "GET /static/assets/newp.jpg HTTP/1.1" 404 1804
WARNING 2024-04-28 23:25:07,560 basehttp 212 "GET /static/assets/images/980.jpg HTTP/1.1" 404 1822
WARNING 2024-04-28 23:25:34,555 basehttp 212 "GET /static/assets/images/980.jpg HTTP/1.1" 404 1822
INFO 2024-04-28 23:54:40,280 autoreload 668 Watching for file changes with StatReloader
WARNING 2024-04-28 23:54:57,566 log 241 Not Found: /
WARNING 2024-04-28 23:54:57,566 basehttp 212 "GET / HTTP/1.1" 404 2209
WARNING 2024-04-28 23:54:57,573 log 241 Not Found: /
WARNING 2024-04-28 23:54:57,574 basehttp 212 "GET / HTTP/1.1" 404 2209
INFO 2024-04-28 23:55:03,451 basehttp 212 "GET /home/ HTTP/1.1" 200 9829
WARNING 2024-04-28 23:55:03,526 basehttp 212 "GET /static/css/reset.css HTTP/1.1" 404 1798
WARNING 2024-04-28 23:55:03,527 basehttp 212 "GET /static/bootstrap/bootstrap.min.css%22 HTTP/1.1" 404 1855
WARNING 2024-04-28 23:55:03,626 basehttp 212 "GET /static/js/new_scripy.js HTTP/1.1" 404 1807
WARNING 2024-04-28 23:55:03,947 basehttp 212 "GET /static/bootstrap/bootstrap.min.js HTTP/1.1" 404 1837
WARNING 2024-04-28 23:55:03,948 basehttp 212 "GET /static/assets/newp.jpg HTTP/1.1" 404 1804
WARNING 2024-04-28 23:55:04,712 basehttp 212 "GET /static/assets/images/980.jpg HTTP/1.1" 404 1822
WARNING 2024-04-28 23:55:17,843 basehttp 212 "GET /static/assets/newp.jpg HTTP/1.1" 404 1804
INFO 2024-04-28 23:55:34,633 autoreload 668 Watching for file changes with StatReloader
WARNING 2024-04-28 23:55:36,815 log 241 Not Found: /
WARNING 2024-04-28 23:55:36,815 basehttp 212 "GET / HTTP/1.1" 404 2209
WARNING 2024-04-28 23:55:36,821 log 241 Not Found: /
WARNING 2024-04-28 23:55:36,821 basehttp 212 "GET / HTTP/1.1" 404 2209
INFO 2024-04-28 23:55:38,966 basehttp 212 "GET /home/ HTTP/1.1" 200 9829
WARNING 2024-04-28 23:55:39,029 basehttp 212 "GET /static/bootstrap/bootstrap.min.css%22 HTTP/1.1" 404 1855
WARNING 2024-04-28 23:55:39,030 basehttp 212 "GET /static/css/reset.css HTTP/1.1" 404 1798
WARNING 2024-04-28 23:55:39,102 basehttp 212 "GET /static/js/new_scripy.js HTTP/1.1" 404 1807
WARNING 2024-04-28 23:55:39,418 basehttp 212 "GET /static/assets/newp.jpg HTTP/1.1" 404 1804
WARNING 2024-04-28 23:55:39,420 basehttp 212 "GET /static/bootstrap/bootstrap.min.js HTTP/1.1" 404 1837
WARNING 2024-04-28 23:55:39,946 basehttp 212 "GET /static/assets/images/980.jpg HTTP/1.1" 404 1822
INFO 2024-04-28 23:55:50,394 basehttp 212 "GET /home/ HTTP/1.1" 200 9829
WARNING 2024-04-28 23:55:50,470 basehttp 212 "GET /static/css/reset.css HTTP/1.1" 404 1798
WARNING 2024-04-28 23:55:50,786 basehttp 212 "GET /static/bootstrap/bootstrap.min.css%22 HTTP/1.1" 404 1855
WARNING 2024-04-28 23:55:50,850 basehttp 212 "GET /static/js/new_scripy.js HTTP/1.1" 404 1807
WARNING 2024-04-28 23:55:50,850 basehttp 212 "GET /static/assets/newp.jpg HTTP/1.1" 404 1804
WARNING 2024-04-28 23:55:50,955 basehttp 212 "GET /static/bootstrap/bootstrap.min.js HTTP/1.1" 404 1837
WARNING 2024-04-28 23:55:51,316 basehttp 212 "GET /static/assets/images/980.jpg HTTP/1.1" 404 1822
WARNING 2024-04-28 23:56:09,797 basehttp 212 "GET /static/assets/newp.jpg HTTP/1.1" 404 1804
INFO 2024-04-28 23:56:30,898 autoreload 266 E:\桌面\计算机\全栈\django\django项目\kefu\kefu\settings.py changed, reloading.
INFO 2024-04-28 23:56:31,477 autoreload 668 Watching for file changes with StatReloader
INFO 2024-04-28 23:56:34,149 autoreload 668 Watching for file changes with StatReloader
WARNING 2024-04-28 23:56:37,497 log 241 Not Found: /
WARNING 2024-04-28 23:56:37,498 basehttp 212 "GET / HTTP/1.1" 404 2209
WARNING 2024-04-28 23:56:37,503 log 241 Not Found: /
WARNING 2024-04-28 23:56:37,504 basehttp 212 "GET / HTTP/1.1" 404 2209
INFO 2024-04-28 23:56:41,652 basehttp 212 "GET /home/ HTTP/1.1" 200 9829
WARNING 2024-04-28 23:56:41,724 basehttp 212 "GET /static/css/reset.css HTTP/1.1" 404 1798
WARNING 2024-04-28 23:56:41,724 basehttp 212 "GET /static/bootstrap/bootstrap.min.css%22 HTTP/1.1" 404 1855
WARNING 2024-04-28 23:56:41,801 basehttp 212 "GET /static/js/new_scripy.js HTTP/1.1" 404 1807
WARNING 2024-04-28 23:56:42,108 basehttp 212 "GET /static/assets/newp.jpg HTTP/1.1" 404 1804
WARNING 2024-04-28 23:56:42,113 basehttp 212 "GET /static/bootstrap/bootstrap.min.js HTTP/1.1" 404 1837
WARNING 2024-04-28 23:56:42,465 basehttp 212 "GET /static/assets/images/980.jpg HTTP/1.1" 404 1822
WARNING 2024-04-28 23:56:48,333 basehttp 212 "GET /static/css/reset.css HTTP/1.1" 404 1798
WARNING 2024-04-28 23:56:48,696 basehttp 212 "GET /static/bootstrap/bootstrap.min.css%22 HTTP/1.1" 404 1855
WARNING 2024-04-28 23:56:48,965 log 241 Not Found: /
WARNING 2024-04-28 23:56:48,965 basehttp 212 "GET / HTTP/1.1" 404 2209
INFO 2024-04-28 23:57:04,332 basehttp 212 "GET /home HTTP/1.1" 301 0
INFO 2024-04-28 23:57:04,337 basehttp 212 "GET /home/ HTTP/1.1" 200 9829
WARNING 2024-04-28 23:57:04,386 basehttp 212 "GET /static/css/reset.css HTTP/1.1" 404 1798
WARNING 2024-04-28 23:57:04,701 basehttp 212 "GET /static/bootstrap/bootstrap.min.css%22 HTTP/1.1" 404 1855
WARNING 2024-04-28 23:57:04,702 basehttp 212 "GET /static/assets/newp.jpg HTTP/1.1" 404 1804
WARNING 2024-04-28 23:57:04,703 basehttp 212 "GET /static/js/new_scripy.js HTTP/1.1" 404 1807
WARNING 2024-04-28 23:57:04,787 basehttp 212 "GET /static/bootstrap/bootstrap.min.js HTTP/1.1" 404 1837
WARNING 2024-04-28 23:57:25,819 basehttp 212 "GET /static/assets/images/980.jpg HTTP/1.1" 404 1822
INFO 2024-04-28 23:58:04,956 autoreload 668 Watching for file changes with StatReloader
WARNING 2024-04-28 23:58:07,796 log 241 Not Found: /
WARNING 2024-04-28 23:58:07,796 basehttp 212 "GET / HTTP/1.1" 404 2209
WARNING 2024-04-28 23:58:07,801 log 241 Not Found: /
WARNING 2024-04-28 23:58:07,803 basehttp 212 "GET / HTTP/1.1" 404 2209
INFO 2024-04-28 23:58:10,450 basehttp 212 "GET /home/ HTTP/1.1" 200 9829
WARNING 2024-04-28 23:58:10,516 basehttp 212 "GET /static/bootstrap/bootstrap.min.css%22 HTTP/1.1" 404 1855
WARNING 2024-04-28 23:58:10,517 basehttp 212 "GET /static/css/reset.css HTTP/1.1" 404 1798
WARNING 2024-04-28 23:58:10,600 basehttp 212 "GET /static/js/new_scripy.js HTTP/1.1" 404 1807
WARNING 2024-04-28 23:58:10,903 basehttp 212 "GET /static/assets/newp.jpg HTTP/1.1" 404 1804
WARNING 2024-04-28 23:58:11,089 basehttp 212 "GET /static/bootstrap/bootstrap.min.js HTTP/1.1" 404 1837
WARNING 2024-04-28 23:58:14,910 basehttp 212 "GET /static/assets/images/980.jpg HTTP/1.1" 404 1822
INFO 2024-04-28 23:58:36,094 autoreload 668 Watching for file changes with StatReloader
WARNING 2024-04-28 23:58:38,468 log 241 Not Found: /
WARNING 2024-04-28 23:58:38,469 basehttp 212 "GET / HTTP/1.1" 404 2209
WARNING 2024-04-28 23:58:38,475 log 241 Not Found: /
WARNING 2024-04-28 23:58:38,475 basehttp 212 "GET / HTTP/1.1" 404 2209
INFO 2024-04-28 23:58:43,073 basehttp 212 "GET /home/ HTTP/1.1" 200 9829
WARNING 2024-04-28 23:58:43,142 basehttp 212 "GET /static/css/reset.css HTTP/1.1" 404 1798
WARNING 2024-04-28 23:58:43,143 basehttp 212 "GET /static/bootstrap/bootstrap.min.css%22 HTTP/1.1" 404 1855
WARNING 2024-04-28 23:58:43,244 basehttp 212 "GET /static/js/new_scripy.js HTTP/1.1" 404 1807
WARNING 2024-04-28 23:58:43,546 basehttp 212 "GET /static/assets/newp.jpg HTTP/1.1" 404 1804
WARNING 2024-04-28 23:58:43,865 basehttp 212 "GET /static/bootstrap/bootstrap.min.js HTTP/1.1" 404 1837
INFO 2024-04-28 23:58:51,776 basehttp 212 "GET /home/ HTTP/1.1" 200 9829
WARNING 2024-04-28 23:58:51,802 basehttp 212 "GET /static/css/reset.css HTTP/1.1" 404 1798
WARNING 2024-04-28 23:58:52,096 basehttp 212 "GET /static/bootstrap/bootstrap.min.css%22 HTTP/1.1" 404 1855
WARNING 2024-04-28 23:58:52,110 basehttp 212 "GET /static/js/new_scripy.js HTTP/1.1" 404 1807
WARNING 2024-04-28 23:58:52,114 basehttp 212 "GET /static/assets/newp.jpg HTTP/1.1" 404 1804
WARNING 2024-04-28 23:58:52,298 basehttp 212 "GET /static/bootstrap/bootstrap.min.js HTTP/1.1" 404 1837
WARNING 2024-04-28 23:59:04,533 basehttp 212 "GET /static/assets/images/980.jpg HTTP/1.1" 404 1822
INFO 2024-04-28 23:59:05,039 basehttp 212 "GET /home/ HTTP/1.1" 200 9829
WARNING 2024-04-28 23:59:05,062 basehttp 212 "GET /static/css/reset.css HTTP/1.1" 404 1798
WARNING 2024-04-28 23:59:05,356 basehttp 212 "GET /static/bootstrap/bootstrap.min.css%22 HTTP/1.1" 404 1855
WARNING 2024-04-28 23:59:05,374 basehttp 212 "GET /static/js/new_scripy.js HTTP/1.1" 404 1807
WARNING 2024-04-28 23:59:05,376 basehttp 212 "GET /static/assets/newp.jpg HTTP/1.1" 404 1804
WARNING 2024-04-28 23:59:05,489 basehttp 212 "GET /static/bootstrap/bootstrap.min.js HTTP/1.1" 404 1837
INFO 2024-04-28 23:59:15,828 autoreload 266 E:\桌面\计算机\全栈\django\django项目\kefu\kefu\settings.py changed, reloading.
INFO 2024-04-28 23:59:16,332 autoreload 668 Watching for file changes with StatReloader
INFO 2024-04-29 00:00:36,965 autoreload 668 Watching for file changes with StatReloader
WARNING 2024-04-29 00:00:40,215 log 241 Not Found: /
WARNING 2024-04-29 00:00:40,215 basehttp 212 "GET / HTTP/1.1" 404 2209
WARNING 2024-04-29 00:00:40,222 log 241 Not Found: /
WARNING 2024-04-29 00:00:40,224 basehttp 212 "GET / HTTP/1.1" 404 2209
WARNING 2024-04-29 00:00:40,378 log 241 Not Found: /favicon.ico
WARNING 2024-04-29 00:00:40,379 basehttp 212 "GET /favicon.ico HTTP/1.1" 404 2260
INFO 2024-04-29 00:00:43,805 basehttp 212 "GET /home/ HTTP/1.1" 200 9829
WARNING 2024-04-29 00:00:43,833 basehttp 212 "GET /static/css/reset.css HTTP/1.1" 404 1798
WARNING 2024-04-29 00:00:44,065 basehttp 212 "GET /static/bootstrap/bootstrap.min.css%22 HTTP/1.1" 404 1855
WARNING 2024-04-29 00:00:44,144 basehttp 212 "GET /static/js/new_scripy.js HTTP/1.1" 404 1807
WARNING 2024-04-29 00:00:44,230 basehttp 212 "GET /static/bootstrap/bootstrap.min.js HTTP/1.1" 404 1837
WARNING 2024-04-29 00:00:44,231 basehttp 212 "GET /static/assets/newp.jpg HTTP/1.1" 404 1804
WARNING 2024-04-29 00:01:04,939 basehttp 212 "GET /static/assets/images/980.jpg HTTP/1.1" 404 1822
WARNING 2024-04-29 00:01:05,252 basehttp 212 "GET /static/favicon.ico HTTP/1.1" 404 1792
INFO 2024-04-29 00:01:51,659 autoreload 668 Watching for file changes with StatReloader
WARNING 2024-04-29 00:01:54,377 log 241 Not Found: /
WARNING 2024-04-29 00:01:54,378 basehttp 212 "GET / HTTP/1.1" 404 2209
INFO 2024-04-29 00:01:56,990 basehttp 212 "GET /home/ HTTP/1.1" 200 9829
WARNING 2024-04-29 00:01:57,081 basehttp 212 "GET /static/bootstrap/bootstrap.min.css%22 HTTP/1.1" 404 1855
WARNING 2024-04-29 00:01:57,082 basehttp 212 "GET /static/css/reset.css HTTP/1.1" 404 1798
WARNING 2024-04-29 00:01:57,170 basehttp 212 "GET /static/js/new_scripy.js HTTP/1.1" 404 1807
WARNING 2024-04-29 00:01:57,485 basehttp 212 "GET /static/assets/newp.jpg HTTP/1.1" 404 1804
WARNING 2024-04-29 00:01:57,620 basehttp 212 "GET /static/bootstrap/bootstrap.min.js HTTP/1.1" 404 1837
WARNING 2024-04-29 00:02:18,466 basehttp 212 "GET /static/assets/images/980.jpg HTTP/1.1" 404 1822
INFO 2024-04-29 00:03:10,940 autoreload 668 Watching for file changes with StatReloader
WARNING 2024-04-29 00:03:13,024 log 241 Not Found: /
WARNING 2024-04-29 00:03:13,024 basehttp 212 "GET / HTTP/1.1" 404 2209
INFO 2024-04-29 00:03:16,326 basehttp 212 "GET /home/ HTTP/1.1" 200 9829
WARNING 2024-04-29 00:03:16,407 basehttp 212 "GET /static/bootstrap/bootstrap.min.css%22 HTTP/1.1" 404 1855
INFO 2024-04-29 00:03:16,563 basehttp 212 "GET /static/css/reset.css HTTP/1.1" 200 1317
INFO 2024-04-29 00:03:16,570 basehttp 212 "GET /static/assets/newp.jpg HTTP/1.1" 200 27272
INFO 2024-04-29 00:03:16,574 basehttp 212 "GET /static/bootstrap/bootstrap.min.js HTTP/1.1" 200 59177
INFO 2024-04-29 00:03:16,666 basehttp 212 "GET /static/js/new_scripy.js HTTP/1.1" 200 539
INFO 2024-04-29 00:03:37,481 basehttp 212 "GET /static/assets/images/980.jpg HTTP/1.1" 200 188258
WARNING 2024-04-29 00:04:03,635 basehttp 212 "GET /static/bootstrap/bootstrap.min.css%22 HTTP/1.1" 404 1855
INFO 2024-04-29 00:04:05,912 basehttp 212 "GET /home/ HTTP/1.1" 200 9829
INFO 2024-04-29 00:04:05,926 basehttp 212 "GET /static/css/reset.css HTTP/1.1" 200 1317
WARNING 2024-04-29 00:04:05,935 basehttp 212 "GET /static/bootstrap/bootstrap.min.css%22 HTTP/1.1" 404 1855
INFO 2024-04-29 00:04:06,222 basehttp 212 "GET /static/js/new_scripy.js HTTP/1.1" 200 539
INFO 2024-04-29 00:04:06,225 basehttp 212 "GET /static/assets/newp.jpg HTTP/1.1" 200 27272
INFO 2024-04-29 00:04:06,230 basehttp 212 "GET /static/bootstrap/bootstrap.min.js HTTP/1.1" 200 59177
INFO 2024-04-29 00:04:24,705 basehttp 212 "GET /static/assets/images/980.jpg HTTP/1.1" 200 188258
INFO 2024-04-29 00:04:39,518 autoreload 668 Watching for file changes with StatReloader
WARNING 2024-04-29 00:04:42,193 log 241 Not Found: /
WARNING 2024-04-29 00:04:42,194 basehttp 212 "GET / HTTP/1.1" 404 2209
WARNING 2024-04-29 00:04:42,199 log 241 Not Found: /
WARNING 2024-04-29 00:04:42,200 basehttp 212 "GET / HTTP/1.1" 404 2209
INFO 2024-04-29 00:04:44,810 basehttp 212 "GET /home/ HTTP/1.1" 200 9829
WARNING 2024-04-29 00:04:44,890 basehttp 212 "GET /static/bootstrap/bootstrap.min.css%22 HTTP/1.1" 404 1855
WARNING 2024-04-29 00:04:49,029 basehttp 212 "GET /static/bootstrap/bootstrap.min.css%22 HTTP/1.1" 404 1855
INFO 2024-04-29 00:04:49,783 basehttp 212 "GET /home/ HTTP/1.1" 200 9829
INFO 2024-04-29 00:04:50,051 basehttp 212 "GET /static/css/reset.css HTTP/1.1" 200 1317
WARNING 2024-04-29 00:04:50,061 basehttp 212 "GET /static/bootstrap/bootstrap.min.css%22 HTTP/1.1" 404 1855
INFO 2024-04-29 00:04:50,092 basehttp 212 "GET /static/js/new_scripy.js HTTP/1.1" 200 539
INFO 2024-04-29 00:04:50,098 basehttp 212 "GET /static/assets/newp.jpg HTTP/1.1" 200 27272
INFO 2024-04-29 00:04:50,102 basehttp 212 "GET /static/bootstrap/bootstrap.min.js HTTP/1.1" 200 59177
INFO 2024-04-29 00:05:02,944 basehttp 212 "GET /static/assets/images/980.jpg HTTP/1.1" 200 188258
INFO 2024-04-29 00:05:40,028 basehttp 212 "GET /home/ HTTP/1.1" 200 9827
INFO 2024-04-29 00:05:40,047 basehttp 212 "GET /static/css/reset.css HTTP/1.1" 200 1317
WARNING 2024-04-29 00:05:40,052 basehttp 212 "GET /static/bootstrap/bootstrap.min.css%22 HTTP/1.1" 404 1855
INFO 2024-04-29 00:05:40,054 basehttp 212 "GET /static/assets/newp.jpg HTTP/1.1" 200 27272
INFO 2024-04-29 00:05:40,060 basehttp 212 "GET /static/js/new_scripy.js HTTP/1.1" 200 539
INFO 2024-04-29 00:05:40,085 basehttp 212 "GET /static/bootstrap/bootstrap.min.js HTTP/1.1" 200 59177
INFO 2024-04-29 00:05:45,827 autoreload 668 Watching for file changes with StatReloader
WARNING 2024-04-29 00:05:48,404 log 241 Not Found: /
WARNING 2024-04-29 00:05:48,406 basehttp 212 "GET / HTTP/1.1" 404 2209
WARNING 2024-04-29 00:05:48,413 log 241 Not Found: /
WARNING 2024-04-29 00:05:48,414 basehttp 212 "GET / HTTP/1.1" 404 2209
INFO 2024-04-29 00:05:51,167 basehttp 212 "GET /home/ HTTP/1.1" 200 9827
WARNING 2024-04-29 00:05:51,220 basehttp 212 "GET /static/bootstrap/bootstrap.min.css%22 HTTP/1.1" 404 1855
WARNING 2024-04-29 00:05:54,835 basehttp 212 "GET /static/bootstrap/bootstrap.min.css%22 HTTP/1.1" 404 1855
INFO 2024-04-29 00:05:54,933 basehttp 212 "GET /home/ HTTP/1.1" 200 9827
INFO 2024-04-29 00:05:55,187 basehttp 212 "GET /static/css/reset.css HTTP/1.1" 200 1317
WARNING 2024-04-29 00:05:55,201 basehttp 212 "GET /static/bootstrap/bootstrap.min.css%22 HTTP/1.1" 404 1855
INFO 2024-04-29 00:05:55,234 basehttp 212 "GET /static/js/new_scripy.js HTTP/1.1" 200 539
INFO 2024-04-29 00:05:55,239 basehttp 212 "GET /static/assets/newp.jpg HTTP/1.1" 200 27272
INFO 2024-04-29 00:05:55,246 basehttp 212 "GET /static/bootstrap/bootstrap.min.js HTTP/1.1" 200 59177
INFO 2024-04-29 00:06:01,115 basehttp 212 "GET /static/assets/images/980.jpg HTTP/1.1" 200 188258
INFO 2024-04-29 00:06:01,391 basehttp 212 "GET /static/assets/images/980.jpg HTTP/1.1" 200 188258
INFO 2024-04-29 00:07:55,116 autoreload 668 Watching for file changes with StatReloader
INFO 2024-04-29 00:07:57,936 basehttp 212 "GET /home/ HTTP/1.1" 200 9827
WARNING 2024-04-29 00:07:57,963 basehttp 212 "GET /static/bootstrap/bootstrap.min.css%22 HTTP/1.1" 404 1855
INFO 2024-04-29 00:07:58,097 basehttp 212 "GET /static/css/reset.css HTTP/1.1" 200 1317
INFO 2024-04-29 00:07:58,106 basehttp 212 "GET /static/js/new_scripy.js HTTP/1.1" 200 539
INFO 2024-04-29 00:07:58,112 basehttp 212 "GET /static/assets/newp.jpg HTTP/1.1" 200 27272
INFO 2024-04-29 00:07:58,119 basehttp 212 "GET /static/bootstrap/bootstrap.min.js HTTP/1.1" 200 59177
INFO 2024-04-29 00:08:05,168 basehttp 212 "GET /static/assets/images/980.jpg HTTP/1.1" 200 188258
INFO 2024-04-29 00:10:42,631 autoreload 668 Watching for file changes with StatReloader
INFO 2024-04-29 00:11:10,457 autoreload 668 Watching for file changes with StatReloader
WARNING 2024-04-29 00:11:12,149 log 241 Not Found: /
WARNING 2024-04-29 00:11:12,150 basehttp 212 "GET / HTTP/1.1" 404 2209
WARNING 2024-04-29 00:11:12,157 log 241 Not Found: /
WARNING 2024-04-29 00:11:12,157 basehttp 212 "GET / HTTP/1.1" 404 2209
INFO 2024-04-29 00:11:14,208 basehttp 212 "GET /home/ HTTP/1.1" 200 9816
WARNING 2024-04-29 00:11:14,292 basehttp 212 "GET /static/bootstrap/bt.css%22 HTTP/1.1" 404 1822
WARNING 2024-04-29 00:11:18,342 basehttp 212 "GET /static/bootstrap/bt.css%22 HTTP/1.1" 404 1822
INFO 2024-04-29 00:11:18,788 basehttp 212 "GET /home/ HTTP/1.1" 200 9816
INFO 2024-04-29 00:11:19,041 basehttp 212 "GET /static/css/reset.css HTTP/1.1" 200 1317
WARNING 2024-04-29 00:11:19,051 basehttp 212 "GET /static/bootstrap/bt.css%22 HTTP/1.1" 404 1822
INFO 2024-04-29 00:11:19,094 basehttp 212 "GET /static/js/new_scripy.js HTTP/1.1" 200 539
INFO 2024-04-29 00:11:19,099 basehttp 212 "GET /static/assets/newp.jpg HTTP/1.1" 200 27272
INFO 2024-04-29 00:11:19,104 basehttp 212 "GET /static/bootstrap/bootstrap.min.js HTTP/1.1" 200 59177
INFO 2024-04-29 00:11:19,881 basehttp 212 "GET /static/assets/images/980.jpg HTTP/1.1" 200 188258
WARNING 2024-04-29 00:11:35,734 log 241 Not Found: /home/http://localhost:8000/static/bootstrap/bt.css
WARNING 2024-04-29 00:11:35,735 basehttp 212 "GET /home/http://localhost:8000/static/bootstrap/bt.css HTTP/1.1" 404 2377
INFO 2024-04-29 00:11:46,357 basehttp 212 "GET /static/bootstrap/bt.css HTTP/1.1" 200 213829
INFO 2024-04-29 00:13:16,108 autoreload 668 Watching for file changes with StatReloader
WARNING 2024-04-29 00:13:18,002 log 241 Not Found: /
WARNING 2024-04-29 00:13:18,003 basehttp 212 "GET / HTTP/1.1" 404 2209
WARNING 2024-04-29 00:13:18,009 log 241 Not Found: /
WARNING 2024-04-29 00:13:18,010 basehttp 212 "GET / HTTP/1.1" 404 2209
INFO 2024-04-29 00:13:21,261 basehttp 212 "GET /home/ HTTP/1.1" 200 9828
INFO 2024-04-29 00:13:21,488 basehttp 212 "GET /static/bootstrap/bootstrap.min.css HTTP/1.1" 200 201650
INFO 2024-04-29 00:13:25,149 basehttp 212 "GET /home/ HTTP/1.1" 200 9828
INFO 2024-04-29 00:13:25,167 basehttp 212 "GET /static/css/reset.css HTTP/1.1" 200 1317
INFO 2024-04-29 00:13:25,167 basehttp 212 "GET /static/assets/newp.jpg HTTP/1.1" 200 27272
INFO 2024-04-29 00:13:25,170 basehttp 212 "GET /static/bootstrap/bootstrap.min.css HTTP/1.1" 200 201650
INFO 2024-04-29 00:13:25,181 basehttp 212 "GET /static/js/new_scripy.js HTTP/1.1" 200 539
INFO 2024-04-29 00:13:25,197 basehttp 212 "GET /static/bootstrap/bootstrap.min.js HTTP/1.1" 200 59177
INFO 2024-04-29 00:13:26,015 basehttp 212 "GET /static/assets/images/980.jpg HTTP/1.1" 200 188258
INFO 2024-04-29 00:15:36,763 basehttp 212 "GET /home/ HTTP/1.1" 200 9828
INFO 2024-04-29 00:15:36,785 basehttp 212 "GET /static/css/reset.css HTTP/1.1" 200 1317
INFO 2024-04-29 00:15:36,785 basehttp 212 "GET /static/assets/newp.jpg HTTP/1.1" 200 27272
INFO 2024-04-29 00:15:36,787 basehttp 212 "GET /static/bootstrap/bootstrap.min.css HTTP/1.1" 200 201650
INFO 2024-04-29 00:15:36,807 basehttp 212 "GET /static/js/new_scripy.js HTTP/1.1" 200 539
INFO 2024-04-29 00:15:36,827 basehttp 212 "GET /static/bootstrap/bootstrap.min.js HTTP/1.1" 200 59177
INFO 2024-04-29 00:15:37,922 basehttp 212 "GET /static/assets/images/980.jpg HTTP/1.1" 200 188258
INFO 2024-04-29 00:17:52,043 autoreload 668 Watching for file changes with StatReloader
WARNING 2024-04-29 00:17:53,996 log 241 Not Found: /
WARNING 2024-04-29 00:17:53,996 basehttp 212 "GET / HTTP/1.1" 404 2209
WARNING 2024-04-29 00:17:54,002 log 241 Not Found: /
WARNING 2024-04-29 00:17:54,002 basehttp 212 "GET / HTTP/1.1" 404 2209
INFO 2024-04-29 00:17:56,534 basehttp 212 "GET /home/ HTTP/1.1" 200 9828
INFO 2024-04-29 00:26:03,834 autoreload 266 E:\桌面\计算机\全栈\django\django项目\kefu\app\rengong\urls.py changed, reloading.
INFO 2024-04-29 00:26:04,287 autoreload 668 Watching for file changes with StatReloader
INFO 2024-04-29 00:28:58,628 autoreload 266 E:\桌面\计算机\全栈\django\django项目\kefu\app\rengong\views.py changed, reloading.
INFO 2024-04-29 00:28:59,132 autoreload 668 Watching for file changes with StatReloader
WARNING 2024-04-29 00:29:03,171 log 241 Not Found: /
WARNING 2024-04-29 00:29:03,172 basehttp 212 "GET / HTTP/1.1" 404 2222
WARNING 2024-04-29 00:29:03,178 log 241 Not Found: /
WARNING 2024-04-29 00:29:03,179 basehttp 212 "GET / HTTP/1.1" 404 2222
WARNING 2024-04-29 00:29:03,323 log 241 Not Found: /favicon.ico
WARNING 2024-04-29 00:29:03,324 basehttp 212 "GET /favicon.ico HTTP/1.1" 404 2273
WARNING 2024-04-29 00:29:03,328 log 241 Not Found: /favicon.ico
WARNING 2024-04-29 00:29:03,329 basehttp 212 "GET /favicon.ico HTTP/1.1" 404 2273
INFO 2024-04-29 00:29:06,668 basehttp 212 "GET /home/ HTTP/1.1" 200 10007
INFO 2024-04-29 00:29:08,497 basehttp 212 "GET /static/favicon.ico HTTP/1.1" 200 4286
WARNING 2024-04-29 00:29:11,964 basehttp 212 "GET /static/home HTTP/1.1" 404 1771
INFO 2024-04-29 00:29:28,783 basehttp 212 "GET /home/ HTTP/1.1" 200 10007
INFO 2024-04-29 00:29:28,803 basehttp 212 "GET /static/css/reset.css HTTP/1.1" 200 1317
INFO 2024-04-29 00:29:28,809 basehttp 212 "GET /static/bootstrap/bootstrap.min.css HTTP/1.1" 200 201650
INFO 2024-04-29 00:29:28,819 basehttp 212 "GET /static/assets/newp.jpg HTTP/1.1" 200 27272
INFO 2024-04-29 00:29:28,834 basehttp 212 "GET /static/js/new_scripy.js HTTP/1.1" 200 539
INFO 2024-04-29 00:29:28,839 basehttp 212 "GET /static/bootstrap/bootstrap.min.js HTTP/1.1" 200 59177
INFO 2024-04-29 00:29:29,261 basehttp 212 "GET /static/favicon.ico HTTP/1.1" 200 4286
INFO 2024-04-29 00:29:29,261 basehttp 212 "GET /static/assets/images/980.jpg HTTP/1.1" 200 188258
INFO 2024-04-29 00:29:37,998 basehttp 212 "GET /static/assets/newp.jpg HTTP/1.1" 200 27272
WARNING 2024-04-29 00:29:38,011 basehttp 212 "GET /static/home HTTP/1.1" 404 1771
INFO 2024-04-29 00:29:44,218 basehttp 212 "GET /static/assets/newp.jpg HTTP/1.1" 200 27272
INFO 2024-04-29 00:32:16,003 autoreload 668 Watching for file changes with StatReloader
WARNING 2024-04-29 00:32:21,408 log 241 Not Found: /
WARNING 2024-04-29 00:32:21,408 basehttp 212 "GET / HTTP/1.1" 404 2222
WARNING 2024-04-29 00:32:21,414 log 241 Not Found: /
WARNING 2024-04-29 00:32:21,415 basehttp 212 "GET / HTTP/1.1" 404 2222
WARNING 2024-04-29 00:32:22,859 log 241 Not Found: /
WARNING 2024-04-29 00:32:22,860 basehttp 212 "GET / HTTP/1.1" 404 2222
INFO 2024-04-29 00:32:34,272 basehttp 212 "GET /home/ HTTP/1.1" 200 10035
WARNING 2024-04-29 00:32:40,576 basehttp 212 "POST /static/home HTTP/1.1" 404 1772
INFO 2024-04-29 00:32:46,365 basehttp 212 "GET /static/assets/newp.jpg HTTP/1.1" 200 27272
INFO 2024-04-29 00:33:43,139 autoreload 668 Watching for file changes with StatReloader
WARNING 2024-04-29 00:33:45,687 log 241 Not Found: /
WARNING 2024-04-29 00:33:45,688 basehttp 212 "GET / HTTP/1.1" 404 2222
WARNING 2024-04-29 00:33:45,693 log 241 Not Found: /
WARNING 2024-04-29 00:33:45,693 basehttp 212 "GET / HTTP/1.1" 404 2222
INFO 2024-04-29 00:33:48,297 basehttp 212 "GET /home/ HTTP/1.1" 200 10035
WARNING 2024-04-29 00:34:04,485 basehttp 212 "POST /static/home HTTP/1.1" 404 1772
INFO 2024-04-29 00:34:04,714 basehttp 212 "GET /static/assets/newp.jpg HTTP/1.1" 200 27272
INFO 2024-04-29 00:34:08,286 basehttp 212 "GET /static/assets/newp.jpg HTTP/1.1" 200 27272
INFO 2024-04-29 00:35:14,066 autoreload 668 Watching for file changes with StatReloader
WARNING 2024-04-29 00:35:18,751 log 241 Not Found: /
WARNING 2024-04-29 00:35:18,752 basehttp 212 "GET / HTTP/1.1" 404 2222
WARNING 2024-04-29 00:35:18,759 log 241 Not Found: /
WARNING 2024-04-29 00:35:18,760 basehttp 212 "GET / HTTP/1.1" 404 2222
INFO 2024-04-29 00:35:22,398 basehttp 212 "GET /home/ HTTP/1.1" 200 10035
WARNING 2024-04-29 00:35:28,671 basehttp 212 "POST /static/home HTTP/1.1" 404 1772
INFO 2024-04-29 00:35:28,806 basehttp 212 "GET /static/assets/newp.jpg HTTP/1.1" 200 27272
INFO 2024-04-29 00:35:33,806 basehttp 212 "GET /static/assets/newp.jpg HTTP/1.1" 200 27272
INFO 2024-04-29 00:37:33,269 autoreload 266 E:\桌面\计算机\全栈\django\django项目\kefu\app\rengong\views.py changed, reloading.
INFO 2024-04-29 00:37:33,943 autoreload 668 Watching for file changes with StatReloader
INFO 2024-04-29 00:38:04,750 autoreload 266 E:\桌面\计算机\全栈\django\django项目\kefu\app\rengong\views.py changed, reloading.
INFO 2024-04-29 00:38:05,354 autoreload 668 Watching for file changes with StatReloader
INFO 2024-04-29 00:38:10,756 autoreload 266 E:\桌面\计算机\全栈\django\django项目\kefu\app\rengong\views.py changed, reloading.
INFO 2024-04-29 00:38:11,330 autoreload 668 Watching for file changes with StatReloader
INFO 2024-04-29 00:38:13,964 autoreload 266 E:\桌面\计算机\全栈\django\django项目\kefu\app\rengong\views.py changed, reloading.
INFO 2024-04-29 00:38:14,650 autoreload 668 Watching for file changes with StatReloader
INFO 2024-04-29 00:38:29,839 autoreload 266 E:\桌面\计算机\全栈\django\django项目\kefu\app\rengong\views.py changed, reloading.
INFO 2024-04-29 00:38:30,424 autoreload 668 Watching for file changes with StatReloader
INFO 2024-04-29 00:38:37,091 autoreload 266 E:\桌面\计算机\全栈\django\django项目\kefu\app\rengong\views.py changed, reloading.
INFO 2024-04-29 00:38:37,507 autoreload 668 Watching for file changes with StatReloader
INFO 2024-04-29 00:38:41,141 autoreload 266 E:\桌面\计算机\全栈\django\django项目\kefu\app\rengong\views.py changed, reloading.
INFO 2024-04-29 00:38:41,677 autoreload 668 Watching for file changes with StatReloader
INFO 2024-04-29 00:38:46,277 autoreload 266 E:\桌面\计算机\全栈\django\django项目\kefu\app\rengong\urls.py changed, reloading.
INFO 2024-04-29 00:38:46,706 autoreload 668 Watching for file changes with StatReloader
INFO 2024-04-29 00:38:50,241 autoreload 266 E:\桌面\计算机\全栈\django\django项目\kefu\app\rengong\urls.py changed, reloading.
INFO 2024-04-29 00:38:50,674 autoreload 668 Watching for file changes with StatReloader
INFO 2024-04-29 00:39:10,419 autoreload 668 Watching for file changes with StatReloader
WARNING 2024-04-29 00:39:12,985 log 241 Not Found: /
WARNING 2024-04-29 00:39:12,986 basehttp 212 "GET / HTTP/1.1" 404 2397
WARNING 2024-04-29 00:39:12,990 log 241 Not Found: /
WARNING 2024-04-29 00:39:12,991 basehttp 212 "GET / HTTP/1.1" 404 2397
INFO 2024-04-29 00:39:23,619 basehttp 212 "GET /data_info HTTP/1.1" 301 0
ERROR 2024-04-29 00:39:23,668 log 241 Internal Server Error: /data_info/
Traceback (most recent call last):
  File "E:\桌面\计算机\全栈\django\ven_dj\Lib\site-packages\django\core\handlers\exception.py", line 55, in inner
    response = get_response(request)
               ^^^^^^^^^^^^^^^^^^^^^
  File "E:\桌面\计算机\全栈\django\ven_dj\Lib\site-packages\django\core\handlers\base.py", line 204, in _get_response
    self.check_response(response, callback)
  File "E:\桌面\计算机\全栈\django\ven_dj\Lib\site-packages\django\core\handlers\base.py", line 332, in check_response
    raise ValueError(
ValueError: The view app.rengong.views.data_info didn't return an HttpResponse object. It returned None instead.
ERROR 2024-04-29 00:39:23,670 basehttp 212 "GET /data_info/ HTTP/1.1" 500 74081
INFO 2024-04-29 00:39:38,689 basehttp 212 "GET /home/ HTTP/1.1" 200 10054
ERROR 2024-04-29 00:39:50,677 log 241 Internal Server Error: /data_info
Traceback (most recent call last):
  File "E:\桌面\计算机\全栈\django\ven_dj\Lib\site-packages\django\core\handlers\exception.py", line 55, in inner
    response = get_response(request)
               ^^^^^^^^^^^^^^^^^^^^^
  File "E:\桌面\计算机\全栈\django\ven_dj\Lib\site-packages\django\utils\deprecation.py", line 136, in __call__
    response = self.process_response(request, response)
               ^^^^^^^^^^^^^^^^^^^^^^^^^^^^^^^^^^^^^^^^
  File "E:\桌面\计算机\全栈\django\ven_dj\Lib\site-packages\django\middleware\common.py", line 108, in process_response
    return self.response_redirect_class(self.get_full_path_with_slash(request))
                                        ^^^^^^^^^^^^^^^^^^^^^^^^^^^^^^^^^^^^^^
  File "E:\桌面\计算机\全栈\django\ven_dj\Lib\site-packages\django\middleware\common.py", line 87, in get_full_path_with_slash
    raise RuntimeError(
RuntimeError: You called this URL via POST, but the URL doesn't end in a slash and you have APPEND_SLASH set. Django can't redirect to the slash URL while maintaining POST data. Change your form to point to localhost:8000/data_info/ (note the trailing slash), or set APPEND_SLASH=False in your Django settings.
ERROR 2024-04-29 00:39:50,678 basehttp 212 "POST /data_info HTTP/1.1" 500 78879
INFO 2024-04-29 00:39:50,792 basehttp 212 "GET /static/assets/newp.jpg HTTP/1.1" 200 27272
INFO 2024-04-29 00:39:54,538 basehttp 212 "GET /static/assets/newp.jpg HTTP/1.1" 200 27272
INFO 2024-04-29 00:40:39,631 autoreload 266 E:\桌面\计算机\全栈\django\django项目\kefu\app\rengong\urls.py changed, reloading.
INFO 2024-04-29 00:40:40,231 autoreload 668 Watching for file changes with StatReloader
INFO 2024-04-29 00:40:41,781 autoreload 266 E:\桌面\计算机\全栈\django\django项目\kefu\app\rengong\urls.py changed, reloading.
INFO 2024-04-29 00:40:42,246 autoreload 668 Watching for file changes with StatReloader
INFO 2024-04-29 10:30:12,034 autoreload 668 Watching for file changes with StatReloader
WARNING 2024-04-29 10:30:14,555 log 241 Not Found: /
WARNING 2024-04-29 10:30:14,557 basehttp 212 "GET / HTTP/1.1" 404 2397
WARNING 2024-04-29 10:30:14,563 log 241 Not Found: /
WARNING 2024-04-29 10:30:14,565 basehttp 212 "GET / HTTP/1.1" 404 2397
WARNING 2024-04-29 10:30:14,679 log 241 Not Found: /favicon.ico
WARNING 2024-04-29 10:30:14,680 basehttp 212 "GET /favicon.ico HTTP/1.1" 404 2448
WARNING 2024-04-29 10:30:14,685 log 241 Not Found: /favicon.ico
WARNING 2024-04-29 10:30:14,685 basehttp 212 "GET /favicon.ico HTTP/1.1" 404 2448
INFO 2024-04-29 10:30:17,882 basehttp 212 "GET /home/ HTTP/1.1" 200 10054
ERROR 2024-04-29 10:30:25,914 log 241 Internal Server Error: /data_info
Traceback (most recent call last):
  File "E:\桌面\计算机\全栈\django\ven_dj\Lib\site-packages\django\core\handlers\exception.py", line 55, in inner
    response = get_response(request)
               ^^^^^^^^^^^^^^^^^^^^^
  File "E:\桌面\计算机\全栈\django\ven_dj\Lib\site-packages\django\utils\deprecation.py", line 136, in __call__
    response = self.process_response(request, response)
               ^^^^^^^^^^^^^^^^^^^^^^^^^^^^^^^^^^^^^^^^
  File "E:\桌面\计算机\全栈\django\ven_dj\Lib\site-packages\django\middleware\common.py", line 108, in process_response
    return self.response_redirect_class(self.get_full_path_with_slash(request))
                                        ^^^^^^^^^^^^^^^^^^^^^^^^^^^^^^^^^^^^^^
  File "E:\桌面\计算机\全栈\django\ven_dj\Lib\site-packages\django\middleware\common.py", line 87, in get_full_path_with_slash
    raise RuntimeError(
RuntimeError: You called this URL via POST, but the URL doesn't end in a slash and you have APPEND_SLASH set. Django can't redirect to the slash URL while maintaining POST data. Change your form to point to localhost:8000/data_info/ (note the trailing slash), or set APPEND_SLASH=False in your Django settings.
ERROR 2024-04-29 10:30:25,915 basehttp 212 "POST /data_info HTTP/1.1" 500 78878
INFO 2024-04-29 10:30:26,002 basehttp 212 "GET /static/assets/newp.jpg HTTP/1.1" 200 27272
INFO 2024-04-29 10:30:28,652 basehttp 212 "GET /static/assets/newp.jpg HTTP/1.1" 200 27272
INFO 2024-04-29 10:31:24,489 autoreload 668 Watching for file changes with StatReloader
INFO 2024-04-29 10:31:30,075 basehttp 212 "GET /home/ HTTP/1.1" 200 10055
INFO 2024-04-29 10:31:30,336 basehttp 212 "GET /static/css/reset.css HTTP/1.1" 200 1317
INFO 2024-04-29 10:31:30,350 basehttp 212 "GET /static/bootstrap/bootstrap.min.css HTTP/1.1" 200 201650
INFO 2024-04-29 10:31:30,352 basehttp 212 "GET /static/assets/newp.jpg HTTP/1.1" 200 27272
INFO 2024-04-29 10:31:30,356 basehttp 212 "GET /static/bootstrap/bootstrap.min.js HTTP/1.1" 200 59177
INFO 2024-04-29 10:31:30,454 basehttp 212 "GET /static/js/new_scripy.js HTTP/1.1" 200 539
WARNING 2024-04-29 10:31:43,119 log 241 Not Found: /
WARNING 2024-04-29 10:31:43,120 basehttp 212 "GET / HTTP/1.1" 404 2397
INFO 2024-04-29 10:31:47,774 basehttp 212 "GET /home HTTP/1.1" 301 0
INFO 2024-04-29 10:31:47,776 basehttp 212 "GET /home/ HTTP/1.1" 200 10055
INFO 2024-04-29 10:31:47,796 basehttp 212 "GET /static/css/reset.css HTTP/1.1" 200 1317
INFO 2024-04-29 10:31:47,801 basehttp 212 "GET /static/bootstrap/bootstrap.min.css HTTP/1.1" 200 201650
INFO 2024-04-29 10:31:47,847 basehttp 212 "GET /static/assets/newp.jpg HTTP/1.1" 200 27272
INFO 2024-04-29 10:31:47,878 basehttp 212 "GET /static/js/new_scripy.js HTTP/1.1" 200 539
INFO 2024-04-29 10:31:47,882 basehttp 212 "GET /static/bootstrap/bootstrap.min.js HTTP/1.1" 200 59177
INFO 2024-04-29 10:32:04,325 basehttp 212 "GET /static/favicon.ico HTTP/1.1" 200 4286
INFO 2024-04-29 10:32:04,326 basehttp 212 "GET /static/assets/images/980.jpg HTTP/1.1" 200 188258
WARNING 2024-04-29 10:32:09,579 log 241 Not Found: /
WARNING 2024-04-29 10:32:09,580 basehttp 212 "GET / HTTP/1.1" 404 2397
WARNING 2024-04-29 10:32:09,589 log 241 Not Found: /
WARNING 2024-04-29 10:32:09,589 basehttp 212 "GET / HTTP/1.1" 404 2397
INFO 2024-04-29 10:32:17,146 basehttp 212 "GET /home/ HTTP/1.1" 200 10055
INFO 2024-04-29 10:32:32,656 autoreload 668 Watching for file changes with StatReloader
WARNING 2024-04-29 10:32:35,354 log 241 Not Found: /
WARNING 2024-04-29 10:32:35,356 basehttp 212 "GET / HTTP/1.1" 404 2397
WARNING 2024-04-29 10:32:35,363 log 241 Not Found: /
WARNING 2024-04-29 10:32:35,363 basehttp 212 "GET / HTTP/1.1" 404 2397
WARNING 2024-04-29 10:32:35,461 log 241 Not Found: /favicon.ico
WARNING 2024-04-29 10:32:35,461 basehttp 212 "GET /favicon.ico HTTP/1.1" 404 2448
WARNING 2024-04-29 10:32:35,469 log 241 Not Found: /favicon.ico
WARNING 2024-04-29 10:32:35,469 basehttp 212 "GET /favicon.ico HTTP/1.1" 404 2448
INFO 2024-04-29 10:32:38,125 basehttp 212 "GET /home/ HTTP/1.1" 200 10055
INFO 2024-04-29 10:32:44,088 basehttp 212 "POST /data_info/ HTTP/1.1" 200 4
INFO 2024-04-29 10:32:44,204 basehttp 212 "GET /static/assets/newp.jpg HTTP/1.1" 200 27272
INFO 2024-04-29 10:32:46,841 basehttp 212 "GET /static/assets/newp.jpg HTTP/1.1" 200 27272
INFO 2024-04-29 10:34:02,478 autoreload 266 E:\桌面\计算机\全栈\django\django项目\kefu\app\rengong\views.py changed, reloading.
INFO 2024-04-29 10:34:02,926 autoreload 668 Watching for file changes with StatReloader
INFO 2024-04-29 10:34:06,909 basehttp 212 "POST /data_info/ HTTP/1.1" 200 4
INFO 2024-04-29 10:34:07,009 basehttp 212 "GET /static/assets/newp.jpg HTTP/1.1" 200 27272
INFO 2024-04-29 10:34:09,164 basehttp 212 "GET /static/assets/newp.jpg HTTP/1.1" 200 27272
INFO 2024-04-29 10:35:21,012 autoreload 668 Watching for file changes with StatReloader
WARNING 2024-04-29 10:35:22,888 log 241 Not Found: /
WARNING 2024-04-29 10:35:22,889 basehttp 212 "GET / HTTP/1.1" 404 2397
WARNING 2024-04-29 10:35:22,894 log 241 Not Found: /
WARNING 2024-04-29 10:35:22,894 basehttp 212 "GET / HTTP/1.1" 404 2397
INFO 2024-04-29 10:35:24,840 basehttp 212 "GET /home/ HTTP/1.1" 200 10083
INFO 2024-04-29 10:36:13,079 autoreload 668 Watching for file changes with StatReloader
WARNING 2024-04-29 10:36:17,511 log 241 Not Found: /
WARNING 2024-04-29 10:36:17,512 basehttp 212 "GET / HTTP/1.1" 404 2397
WARNING 2024-04-29 10:36:17,516 log 241 Not Found: /
WARNING 2024-04-29 10:36:17,516 basehttp 212 "GET / HTTP/1.1" 404 2397
INFO 2024-04-29 10:36:19,813 basehttp 212 "GET /home/ HTTP/1.1" 200 10084
INFO 2024-04-29 10:36:25,582 basehttp 212 "POST /data_info/ HTTP/1.1" 200 4
INFO 2024-04-29 10:36:25,696 basehttp 212 "GET /static/assets/newp.jpg HTTP/1.1" 200 27272
INFO 2024-04-29 10:36:28,260 basehttp 212 "GET /static/assets/newp.jpg HTTP/1.1" 200 27272
INFO 2024-04-29 10:46:19,213 autoreload 668 Watching for file changes with StatReloader
WARNING 2024-04-29 10:46:20,920 log 241 Not Found: /
WARNING 2024-04-29 10:46:20,921 basehttp 212 "GET / HTTP/1.1" 404 2397
WARNING 2024-04-29 10:46:20,925 log 241 Not Found: /
WARNING 2024-04-29 10:46:20,925 basehttp 212 "GET / HTTP/1.1" 404 2397
INFO 2024-04-29 10:46:26,631 basehttp 212 "GET /home/ HTTP/1.1" 200 10192
INFO 2024-04-29 10:46:26,865 basehttp 212 "GET /static/jquery.js HTTP/1.1" 200 293072
INFO 2024-04-29 10:46:33,032 basehttp 212 "POST /data_info/ HTTP/1.1" 200 4
INFO 2024-04-29 10:46:33,033 basehttp 212 "GET /static/assets/newp.jpg HTTP/1.1" 200 27272
INFO 2024-04-29 10:46:35,877 basehttp 212 "GET /static/assets/newp.jpg HTTP/1.1" 200 27272
INFO 2024-04-29 10:48:26,235 autoreload 668 Watching for file changes with StatReloader
WARNING 2024-04-29 10:48:27,951 log 241 Not Found: /
WARNING 2024-04-29 10:48:27,952 basehttp 212 "GET / HTTP/1.1" 404 2397
WARNING 2024-04-29 10:48:27,958 log 241 Not Found: /
WARNING 2024-04-29 10:48:27,958 basehttp 212 "GET / HTTP/1.1" 404 2397
INFO 2024-04-29 10:48:30,603 basehttp 212 "GET /home/ HTTP/1.1" 200 10186
INFO 2024-04-29 10:48:37,320 basehttp 212 "POST /data_info/ HTTP/1.1" 200 4
INFO 2024-04-29 10:48:37,449 basehttp 212 "GET /static/assets/newp.jpg HTTP/1.1" 200 27272
INFO 2024-04-29 10:48:41,883 basehttp 212 "GET /static/assets/newp.jpg HTTP/1.1" 200 27272
INFO 2024-04-29 10:50:19,455 autoreload 668 Watching for file changes with StatReloader
WARNING 2024-04-29 10:50:21,316 log 241 Not Found: /
WARNING 2024-04-29 10:50:21,317 basehttp 212 "GET / HTTP/1.1" 404 2397
WARNING 2024-04-29 10:50:21,321 log 241 Not Found: /
WARNING 2024-04-29 10:50:21,321 basehttp 212 "GET / HTTP/1.1" 404 2397
INFO 2024-04-29 10:50:23,607 basehttp 212 "GET /home/ HTTP/1.1" 200 10176
INFO 2024-04-29 10:51:26,719 autoreload 668 Watching for file changes with StatReloader
WARNING 2024-04-29 10:51:28,643 log 241 Not Found: /
WARNING 2024-04-29 10:51:28,645 basehttp 212 "GET / HTTP/1.1" 404 2397
WARNING 2024-04-29 10:51:28,650 log 241 Not Found: /
WARNING 2024-04-29 10:51:28,650 basehttp 212 "GET / HTTP/1.1" 404 2397
INFO 2024-04-29 10:51:30,831 basehttp 212 "GET /home/ HTTP/1.1" 200 10176
INFO 2024-04-29 10:51:44,577 basehttp 212 "POST /data_info/ HTTP/1.1" 200 4
INFO 2024-04-29 10:51:44,702 basehttp 212 "GET /static/assets/newp.jpg HTTP/1.1" 200 27272
INFO 2024-04-29 10:51:47,349 basehttp 212 "GET /static/assets/newp.jpg HTTP/1.1" 200 27272
INFO 2024-04-29 10:52:30,687 autoreload 266 E:\桌面\计算机\全栈\django\django项目\kefu\app\rengong\views.py changed, reloading.
INFO 2024-04-29 10:52:31,090 autoreload 668 Watching for file changes with StatReloader
INFO 2024-04-29 10:53:32,234 autoreload 668 Watching for file changes with StatReloader
WARNING 2024-04-29 10:53:33,969 log 241 Not Found: /
WARNING 2024-04-29 10:53:33,969 basehttp 212 "GET / HTTP/1.1" 404 2397
WARNING 2024-04-29 10:53:33,975 log 241 Not Found: /
WARNING 2024-04-29 10:53:33,976 basehttp 212 "GET / HTTP/1.1" 404 2397
INFO 2024-04-29 10:53:35,990 basehttp 212 "GET /home/ HTTP/1.1" 200 10176
INFO 2024-04-29 10:54:14,096 basehttp 212 "POST /data_info/ HTTP/1.1" 200 2
INFO 2024-04-29 10:54:14,230 basehttp 212 "GET /static/assets/newp.jpg HTTP/1.1" 200 27272
INFO 2024-04-29 10:54:16,821 basehttp 212 "GET /static/assets/newp.jpg HTTP/1.1" 200 27272
INFO 2024-04-29 10:54:31,563 autoreload 668 Watching for file changes with StatReloader
WARNING 2024-04-29 10:54:34,195 log 241 Not Found: /
WARNING 2024-04-29 10:54:34,196 basehttp 212 "GET / HTTP/1.1" 404 2397
WARNING 2024-04-29 10:54:34,201 log 241 Not Found: /
WARNING 2024-04-29 10:54:34,201 basehttp 212 "GET / HTTP/1.1" 404 2397
WARNING 2024-04-29 10:54:34,299 log 241 Not Found: /favicon.ico
WARNING 2024-04-29 10:54:34,299 basehttp 212 "GET /favicon.ico HTTP/1.1" 404 2448
WARNING 2024-04-29 10:54:34,304 log 241 Not Found: /favicon.ico
WARNING 2024-04-29 10:54:34,304 basehttp 212 "GET /favicon.ico HTTP/1.1" 404 2448
INFO 2024-04-29 10:54:37,130 basehttp 212 "GET /home/ HTTP/1.1" 200 10176
INFO 2024-04-29 10:54:46,198 basehttp 212 "GET /home/ HTTP/1.1" 200 10176
INFO 2024-04-29 10:54:46,572 basehttp 212 "GET /static/bootstrap/bootstrap.min.css HTTP/1.1" 200 201650
INFO 2024-04-29 10:54:46,576 basehttp 212 "GET /static/bootstrap/bootstrap.min.js HTTP/1.1" 200 59177
INFO 2024-04-29 10:54:46,612 basehttp 212 "GET /static/css/reset.css HTTP/1.1" 200 1317
INFO 2024-04-29 10:54:46,654 basehttp 212 "GET /static/jquery.js HTTP/1.1" 200 293072
INFO 2024-04-29 10:54:46,929 basehttp 212 "GET /static/js/new_scripy.js HTTP/1.1" 200 474
INFO 2024-04-29 10:54:46,949 basehttp 212 "GET /static/assets/newp.jpg HTTP/1.1" 200 27272
INFO 2024-04-29 10:54:46,968 basehttp 212 "GET /static/favicon.ico HTTP/1.1" 200 4286
INFO 2024-04-29 10:54:46,970 basehttp 212 "GET /static/assets/images/980.jpg HTTP/1.1" 200 188258
INFO 2024-04-29 10:55:01,642 basehttp 212 "GET /home/ HTTP/1.1" 200 10176
INFO 2024-04-29 10:55:01,658 basehttp 212 "GET /static/css/reset.css HTTP/1.1" 200 1317
INFO 2024-04-29 10:55:01,658 basehttp 212 "GET /static/assets/newp.jpg HTTP/1.1" 200 27272
INFO 2024-04-29 10:55:01,658 basehttp 212 "GET /static/js/new_scripy.js HTTP/1.1" 200 474
INFO 2024-04-29 10:55:01,660 basehttp 212 "GET /static/bootstrap/bootstrap.min.css HTTP/1.1" 200 201650
INFO 2024-04-29 10:55:01,678 basehttp 212 "GET /static/bootstrap/bootstrap.min.js HTTP/1.1" 200 59177
INFO 2024-04-29 10:55:01,751 basehttp 212 "GET /static/jquery.js HTTP/1.1" 200 293072
INFO 2024-04-29 10:55:01,928 basehttp 212 "GET /static/favicon.ico HTTP/1.1" 200 4286
INFO 2024-04-29 10:55:01,929 basehttp 212 "GET /static/assets/images/980.jpg HTTP/1.1" 200 188258
INFO 2024-04-29 10:57:43,052 autoreload 668 Watching for file changes with StatReloader
WARNING 2024-04-29 10:57:45,631 log 241 Not Found: /
WARNING 2024-04-29 10:57:45,632 basehttp 212 "GET / HTTP/1.1" 404 2397
WARNING 2024-04-29 10:57:45,636 log 241 Not Found: /
WARNING 2024-04-29 10:57:45,637 basehttp 212 "GET / HTTP/1.1" 404 2397
WARNING 2024-04-29 10:57:45,776 log 241 Not Found: /favicon.ico
WARNING 2024-04-29 10:57:45,778 basehttp 212 "GET /favicon.ico HTTP/1.1" 404 2448
WARNING 2024-04-29 10:57:45,782 log 241 Not Found: /favicon.ico
WARNING 2024-04-29 10:57:45,782 basehttp 212 "GET /favicon.ico HTTP/1.1" 404 2448
INFO 2024-04-29 10:57:47,780 basehttp 212 "GET /home/ HTTP/1.1" 200 10181
INFO 2024-04-29 10:57:47,885 basehttp 212 "GET /static/js/new_scripy.js HTTP/1.1" 304 0
INFO 2024-04-29 10:57:56,695 basehttp 212 "POST /data_info/ HTTP/1.1" 200 2
INFO 2024-04-29 10:57:56,819 basehttp 212 "GET /static/assets/newp.jpg HTTP/1.1" 200 27272
INFO 2024-04-29 10:57:59,509 basehttp 212 "GET /static/assets/newp.jpg HTTP/1.1" 200 27272
INFO 2024-04-29 10:58:45,687 autoreload 668 Watching for file changes with StatReloader
WARNING 2024-04-29 10:58:47,518 log 241 Not Found: /
WARNING 2024-04-29 10:58:47,519 basehttp 212 "GET / HTTP/1.1" 404 2397
WARNING 2024-04-29 10:58:47,523 log 241 Not Found: /
WARNING 2024-04-29 10:58:47,524 basehttp 212 "GET / HTTP/1.1" 404 2397
INFO 2024-04-29 10:58:50,185 basehttp 212 "GET /home/ HTTP/1.1" 200 10209
INFO 2024-04-29 10:58:50,296 basehttp 212 "GET /static/js/new_scripy.js HTTP/1.1" 304 0
INFO 2024-04-29 10:58:55,480 basehttp 212 "POST /data_info/ HTTP/1.1" 200 2
INFO 2024-04-29 10:58:55,599 basehttp 212 "GET /static/assets/newp.jpg HTTP/1.1" 200 27272
INFO 2024-04-29 10:59:01,761 basehttp 212 "GET /static/assets/newp.jpg HTTP/1.1" 200 27272
INFO 2024-04-29 10:59:40,274 autoreload 668 Watching for file changes with StatReloader
WARNING 2024-04-29 10:59:42,042 log 241 Not Found: /
WARNING 2024-04-29 10:59:42,043 basehttp 212 "GET / HTTP/1.1" 404 2397
WARNING 2024-04-29 10:59:42,049 log 241 Not Found: /
WARNING 2024-04-29 10:59:42,050 basehttp 212 "GET / HTTP/1.1" 404 2397
INFO 2024-04-29 10:59:43,977 basehttp 212 "GET /home/ HTTP/1.1" 200 10227
INFO 2024-04-29 10:59:44,103 basehttp 212 "GET /static/js/new_scripy.js HTTP/1.1" 304 0
INFO 2024-04-29 10:59:49,061 basehttp 212 "POST /data_info/ HTTP/1.1" 200 2
INFO 2024-04-29 10:59:49,175 basehttp 212 "GET /static/assets/newp.jpg HTTP/1.1" 200 27272
INFO 2024-04-29 10:59:52,770 basehttp 212 "GET /static/assets/newp.jpg HTTP/1.1" 200 27272
INFO 2024-04-29 11:01:31,771 autoreload 266 E:\桌面\计算机\全栈\django\django项目\kefu\app\rengong\views.py changed, reloading.
INFO 2024-04-29 11:01:32,258 autoreload 668 Watching for file changes with StatReloader
INFO 2024-04-29 11:02:06,823 autoreload 266 E:\桌面\计算机\全栈\django\django项目\kefu\app\rengong\views.py changed, reloading.
INFO 2024-04-29 11:02:07,242 autoreload 668 Watching for file changes with StatReloader
INFO 2024-04-29 11:02:17,629 autoreload 668 Watching for file changes with StatReloader
WARNING 2024-04-29 11:02:19,696 log 241 Not Found: /
WARNING 2024-04-29 11:02:19,697 basehttp 212 "GET / HTTP/1.1" 404 2397
WARNING 2024-04-29 11:02:19,701 log 241 Not Found: /
WARNING 2024-04-29 11:02:19,702 basehttp 212 "GET / HTTP/1.1" 404 2397
INFO 2024-04-29 11:02:21,595 basehttp 212 "GET /home/ HTTP/1.1" 200 10227
INFO 2024-04-29 11:02:21,713 basehttp 212 "GET /static/js/new_scripy.js HTTP/1.1" 304 0
ERROR 2024-04-29 11:02:27,199 log 241 Internal Server Error: /data_info/
Traceback (most recent call last):
  File "E:\桌面\计算机\全栈\django\ven_dj\Lib\site-packages\django\core\handlers\exception.py", line 55, in inner
    response = get_response(request)
               ^^^^^^^^^^^^^^^^^^^^^
  File "E:\桌面\计算机\全栈\django\ven_dj\Lib\site-packages\django\core\handlers\base.py", line 197, in _get_response
    response = wrapped_callback(request, *callback_args, **callback_kwargs)
               ^^^^^^^^^^^^^^^^^^^^^^^^^^^^^^^^^^^^^^^^^^^^^^^^^^^^^^^^^^^^
  File "E:\桌面\计算机\全栈\django\django项目\kefu\app\rengong\views.py", line 14, in data_info
    if request.is_ajax():
       ^^^^^^^^^^^^^^^
AttributeError: 'WSGIRequest' object has no attribute 'is_ajax'
ERROR 2024-04-29 11:02:27,200 basehttp 212 "POST /data_info/ HTTP/1.1" 500 73242
INFO 2024-04-29 11:02:27,296 basehttp 212 "GET /static/assets/newp.jpg HTTP/1.1" 200 27272
INFO 2024-04-29 11:02:29,869 basehttp 212 "GET /static/assets/newp.jpg HTTP/1.1" 200 27272
INFO 2024-04-29 11:06:00,184 autoreload 266 E:\桌面\计算机\全栈\django\django项目\kefu\app\rengong\views.py changed, reloading.
INFO 2024-04-29 11:06:00,610 autoreload 668 Watching for file changes with StatReloader
INFO 2024-04-29 11:06:03,718 autoreload 668 Watching for file changes with StatReloader
WARNING 2024-04-29 11:06:05,932 log 241 Not Found: /
WARNING 2024-04-29 11:06:05,932 basehttp 212 "GET / HTTP/1.1" 404 2397
WARNING 2024-04-29 11:06:05,939 log 241 Not Found: /
WARNING 2024-04-29 11:06:05,940 basehttp 212 "GET / HTTP/1.1" 404 2397
WARNING 2024-04-29 11:06:06,035 log 241 Not Found: /favicon.ico
WARNING 2024-04-29 11:06:06,036 basehttp 212 "GET /favicon.ico HTTP/1.1" 404 2448
WARNING 2024-04-29 11:06:06,048 log 241 Not Found: /favicon.ico
WARNING 2024-04-29 11:06:06,049 basehttp 212 "GET /favicon.ico HTTP/1.1" 404 2448
INFO 2024-04-29 11:06:08,570 basehttp 212 "GET /home/ HTTP/1.1" 200 10225
INFO 2024-04-29 11:06:08,645 basehttp 212 "GET /static/js/new_scripy.js HTTP/1.1" 304 0
INFO 2024-04-29 11:06:13,573 basehttp 212 "POST /data_info/ HTTP/1.1" 200 2
INFO 2024-04-29 11:06:13,689 basehttp 212 "GET /static/assets/newp.jpg HTTP/1.1" 200 27272
INFO 2024-04-29 11:06:16,212 basehttp 212 "GET /static/assets/newp.jpg HTTP/1.1" 200 27272
INFO 2024-04-29 11:12:13,095 autoreload 668 Watching for file changes with StatReloader
WARNING 2024-04-29 11:12:14,901 log 241 Not Found: /
WARNING 2024-04-29 11:12:14,901 basehttp 212 "GET / HTTP/1.1" 404 2397
WARNING 2024-04-29 11:12:14,907 log 241 Not Found: /
WARNING 2024-04-29 11:12:14,908 basehttp 212 "GET / HTTP/1.1" 404 2397
INFO 2024-04-29 11:12:17,477 basehttp 212 "GET /home/ HTTP/1.1" 200 10225
INFO 2024-04-29 11:12:17,576 basehttp 212 "GET /static/js/new_scripy.js HTTP/1.1" 304 0
INFO 2024-04-29 11:12:23,178 basehttp 212 "POST /data_info/ HTTP/1.1" 200 2
INFO 2024-04-29 11:12:23,287 basehttp 212 "GET /static/assets/newp.jpg HTTP/1.1" 200 27272
INFO 2024-04-29 11:12:26,150 basehttp 212 "GET /static/assets/newp.jpg HTTP/1.1" 200 27272
INFO 2024-04-29 11:13:10,827 autoreload 668 Watching for file changes with StatReloader
WARNING 2024-04-29 11:13:12,623 log 241 Not Found: /
WARNING 2024-04-29 11:13:12,623 basehttp 212 "GET / HTTP/1.1" 404 2397
WARNING 2024-04-29 11:13:12,633 log 241 Not Found: /
WARNING 2024-04-29 11:13:12,633 basehttp 212 "GET / HTTP/1.1" 404 2397
INFO 2024-04-29 11:13:14,371 basehttp 212 "GET /home/ HTTP/1.1" 200 10225
INFO 2024-04-29 11:13:20,215 basehttp 212 "GET /static/assets/newp.jpg HTTP/1.1" 200 27272
INFO 2024-04-29 11:13:22,639 basehttp 212 "GET /static/assets/newp.jpg HTTP/1.1" 200 27272
INFO 2024-04-29 11:15:46,285 autoreload 266 E:\桌面\计算机\全栈\django\django项目\kefu\app\rengong\views.py changed, reloading.
INFO 2024-04-29 11:15:47,249 autoreload 668 Watching for file changes with StatReloader
INFO 2024-04-29 11:15:57,582 autoreload 668 Watching for file changes with StatReloader
WARNING 2024-04-29 11:15:59,613 log 241 Not Found: /
WARNING 2024-04-29 11:15:59,615 basehttp 212 "GET / HTTP/1.1" 404 2397
WARNING 2024-04-29 11:15:59,624 log 241 Not Found: /
WARNING 2024-04-29 11:15:59,624 basehttp 212 "GET / HTTP/1.1" 404 2397
INFO 2024-04-29 11:16:02,317 basehttp 212 "GET /home/ HTTP/1.1" 200 10225
INFO 2024-04-29 11:16:02,437 basehttp 212 "GET /static/js/new_scripy.js HTTP/1.1" 304 0
ERROR 2024-04-29 11:16:18,169 log 241 Internal Server Error: /data_info/
Traceback (most recent call last):
  File "E:\桌面\计算机\全栈\django\ven_dj\Lib\site-packages\django\core\handlers\exception.py", line 55, in inner
    response = get_response(request)
               ^^^^^^^^^^^^^^^^^^^^^
  File "E:\桌面\计算机\全栈\django\ven_dj\Lib\site-packages\django\core\handlers\base.py", line 197, in _get_response
    response = wrapped_callback(request, *callback_args, **callback_kwargs)
               ^^^^^^^^^^^^^^^^^^^^^^^^^^^^^^^^^^^^^^^^^^^^^^^^^^^^^^^^^^^^
  File "E:\桌面\计算机\全栈\django\django项目\kefu\app\rengong\views.py", line 16, in data_info
    data = request.get_json('spoken')
           ^^^^^^^^^^^^^^^^
AttributeError: 'WSGIRequest' object has no attribute 'get_json'
ERROR 2024-04-29 11:16:34,174 basehttp 212 "POST /data_info/ HTTP/1.1" 500 86705
INFO 2024-04-29 11:16:57,579 autoreload 668 Watching for file changes with StatReloader
WARNING 2024-04-29 11:16:59,285 log 241 Not Found: /
WARNING 2024-04-29 11:16:59,286 basehttp 212 "GET / HTTP/1.1" 404 2397
WARNING 2024-04-29 11:16:59,296 log 241 Not Found: /
WARNING 2024-04-29 11:16:59,296 basehttp 212 "GET / HTTP/1.1" 404 2397
INFO 2024-04-29 11:17:01,348 basehttp 212 "GET /home/ HTTP/1.1" 200 10225
ERROR 2024-04-29 11:17:05,850 log 241 Internal Server Error: /data_info/
Traceback (most recent call last):
  File "E:\桌面\计算机\全栈\django\ven_dj\Lib\site-packages\django\core\handlers\exception.py", line 55, in inner
    response = get_response(request)
               ^^^^^^^^^^^^^^^^^^^^^
  File "E:\桌面\计算机\全栈\django\ven_dj\Lib\site-packages\django\core\handlers\base.py", line 197, in _get_response
    response = wrapped_callback(request, *callback_args, **callback_kwargs)
               ^^^^^^^^^^^^^^^^^^^^^^^^^^^^^^^^^^^^^^^^^^^^^^^^^^^^^^^^^^^^
  File "E:\桌面\计算机\全栈\django\django项目\kefu\app\rengong\views.py", line 16, in data_info
    data = request.get_json('spoken')
           ^^^^^^^^^^^^^^^^
AttributeError: 'WSGIRequest' object has no attribute 'get_json'
ERROR 2024-04-29 11:17:05,853 basehttp 212 "POST /data_info/ HTTP/1.1" 500 86705
INFO 2024-04-29 11:18:13,570 autoreload 266 E:\桌面\计算机\全栈\django\django项目\kefu\app\rengong\views.py changed, reloading.
INFO 2024-04-29 11:18:14,518 autoreload 668 Watching for file changes with StatReloader
INFO 2024-04-29 11:18:18,338 autoreload 668 Watching for file changes with StatReloader
WARNING 2024-04-29 11:18:20,072 log 241 Not Found: /
WARNING 2024-04-29 11:18:20,073 basehttp 212 "GET / HTTP/1.1" 404 2397
WARNING 2024-04-29 11:18:20,083 log 241 Not Found: /
WARNING 2024-04-29 11:18:20,084 basehttp 212 "GET / HTTP/1.1" 404 2397
INFO 2024-04-29 11:18:22,044 basehttp 212 "GET /home/ HTTP/1.1" 200 10225
ERROR 2024-04-29 11:18:26,234 log 241 Internal Server Error: /data_info/
Traceback (most recent call last):
  File "E:\桌面\计算机\全栈\django\ven_dj\Lib\site-packages\django\core\handlers\exception.py", line 55, in inner
    response = get_response(request)
               ^^^^^^^^^^^^^^^^^^^^^
  File "E:\桌面\计算机\全栈\django\ven_dj\Lib\site-packages\django\core\handlers\base.py", line 197, in _get_response
    response = wrapped_callback(request, *callback_args, **callback_kwargs)
               ^^^^^^^^^^^^^^^^^^^^^^^^^^^^^^^^^^^^^^^^^^^^^^^^^^^^^^^^^^^^
  File "E:\桌面\计算机\全栈\django\django项目\kefu\app\rengong\views.py", line 16, in data_info
    data = request.get_json()
           ^^^^^^^^^^^^^^^^
AttributeError: 'WSGIRequest' object has no attribute 'get_json'
ERROR 2024-04-29 11:18:26,237 basehttp 212 "POST /data_info/ HTTP/1.1" 500 86669
INFO 2024-04-29 11:22:39,841 autoreload 266 E:\桌面\计算机\全栈\django\django项目\kefu\app\rengong\views.py changed, reloading.
INFO 2024-04-29 11:22:40,784 autoreload 668 Watching for file changes with StatReloader
INFO 2024-04-29 11:22:44,293 autoreload 668 Watching for file changes with StatReloader
WARNING 2024-04-29 11:22:45,878 log 241 Not Found: /
WARNING 2024-04-29 11:22:45,879 basehttp 212 "GET / HTTP/1.1" 404 2397
WARNING 2024-04-29 11:22:45,888 log 241 Not Found: /
WARNING 2024-04-29 11:22:45,890 basehttp 212 "GET / HTTP/1.1" 404 2397
INFO 2024-04-29 11:22:47,793 basehttp 212 "GET /home/ HTTP/1.1" 200 10225
INFO 2024-04-29 11:22:47,900 basehttp 212 "GET /static/js/new_scripy.js HTTP/1.1" 304 0
INFO 2024-04-29 11:24:38,919 autoreload 668 Watching for file changes with StatReloader
INFO 2024-04-29 11:24:39,175 basehttp 212 "POST /data_info/ HTTP/1.1" 200 2
INFO 2024-04-29 11:27:09,011 autoreload 266 E:\桌面\计算机\全栈\django\django项目\kefu\app\rengong\views.py changed, reloading.
INFO 2024-04-29 11:27:09,429 autoreload 668 Watching for file changes with StatReloader
INFO 2024-04-29 11:27:10,858 autoreload 266 E:\桌面\计算机\全栈\django\django项目\kefu\app\rengong\views.py changed, reloading.
INFO 2024-04-29 11:27:11,270 autoreload 668 Watching for file changes with StatReloader
INFO 2024-04-29 11:27:16,522 autoreload 668 Watching for file changes with StatReloader
INFO 2024-04-29 11:27:21,023 autoreload 266 E:\桌面\计算机\全栈\django\django项目\kefu\app\rengong\views.py changed, reloading.
INFO 2024-04-29 11:27:21,444 autoreload 668 Watching for file changes with StatReloader
WARNING 2024-04-29 11:27:23,807 log 241 Not Found: /
WARNING 2024-04-29 11:27:23,808 basehttp 212 "GET / HTTP/1.1" 404 2397
WARNING 2024-04-29 11:27:23,813 log 241 Not Found: /
WARNING 2024-04-29 11:27:23,813 basehttp 212 "GET / HTTP/1.1" 404 2397
INFO 2024-04-29 11:27:25,694 basehttp 212 "GET /home/ HTTP/1.1" 200 10227
INFO 2024-04-29 11:27:25,801 basehttp 212 "GET /static/js/new_scripy.js HTTP/1.1" 304 0
INFO 2024-04-29 11:27:37,746 basehttp 212 "POST /data_info/ HTTP/1.1" 200 2
INFO 2024-04-29 11:29:14,477 autoreload 668 Watching for file changes with StatReloader
WARNING 2024-04-29 11:29:17,663 log 241 Not Found: /
WARNING 2024-04-29 11:29:17,663 basehttp 212 "GET / HTTP/1.1" 404 2397
WARNING 2024-04-29 11:29:17,668 log 241 Not Found: /
WARNING 2024-04-29 11:29:17,668 basehttp 212 "GET / HTTP/1.1" 404 2397
INFO 2024-04-29 11:29:19,494 basehttp 212 "GET /home/ HTTP/1.1" 200 10233
INFO 2024-04-29 11:29:41,725 autoreload 668 Watching for file changes with StatReloader
WARNING 2024-04-29 11:29:43,439 log 241 Not Found: /
WARNING 2024-04-29 11:29:43,440 basehttp 212 "GET / HTTP/1.1" 404 2397
WARNING 2024-04-29 11:29:43,445 log 241 Not Found: /
WARNING 2024-04-29 11:29:43,445 basehttp 212 "GET / HTTP/1.1" 404 2397
INFO 2024-04-29 11:29:45,158 basehttp 212 "GET /home/ HTTP/1.1" 200 10229
INFO 2024-04-29 11:29:46,459 basehttp 212 "GET //home HTTP/1.1" 301 0
INFO 2024-04-29 11:29:46,463 basehttp 212 "GET /home/ HTTP/1.1" 200 10229
INFO 2024-04-29 11:29:49,106 basehttp 212 "POST /data_info/ HTTP/1.1" 200 2
INFO 2024-04-29 11:30:37,465 autoreload 266 E:\桌面\计算机\全栈\django\django项目\kefu\app\rengong\views.py changed, reloading.
INFO 2024-04-29 11:30:37,841 autoreload 668 Watching for file changes with StatReloader
INFO 2024-04-29 11:30:44,391 autoreload 266 E:\桌面\计算机\全栈\django\django项目\kefu\app\rengong\views.py changed, reloading.
INFO 2024-04-29 11:30:44,813 autoreload 668 Watching for file changes with StatReloader
INFO 2024-04-29 11:30:47,295 autoreload 668 Watching for file changes with StatReloader
WARNING 2024-04-29 11:30:49,717 log 241 Not Found: /
WARNING 2024-04-29 11:30:49,718 basehttp 212 "GET / HTTP/1.1" 404 2397
WARNING 2024-04-29 11:30:49,723 log 241 Not Found: /
WARNING 2024-04-29 11:30:49,724 basehttp 212 "GET / HTTP/1.1" 404 2397
INFO 2024-04-29 11:30:51,463 basehttp 212 "GET /home/ HTTP/1.1" 200 10227
INFO 2024-04-29 11:30:56,683 basehttp 212 "POST /data_info/ HTTP/1.1" 200 2
INFO 2024-04-29 11:31:05,650 autoreload 266 E:\桌面\计算机\全栈\django\django项目\kefu\app\rengong\views.py changed, reloading.
INFO 2024-04-29 11:31:06,078 autoreload 668 Watching for file changes with StatReloader
WARNING 2024-04-29 11:31:08,738 log 241 Not Found: /
WARNING 2024-04-29 11:31:08,739 basehttp 212 "GET / HTTP/1.1" 404 2397
WARNING 2024-04-29 11:31:08,743 log 241 Not Found: /
WARNING 2024-04-29 11:31:08,744 basehttp 212 "GET / HTTP/1.1" 404 2397
INFO 2024-04-29 11:31:11,265 basehttp 212 "GET /home/ HTTP/1.1" 200 10227
INFO 2024-04-29 11:31:11,379 basehttp 212 "GET /static/js/new_scripy.js HTTP/1.1" 304 0
INFO 2024-04-29 11:31:15,654 basehttp 212 "POST /data_info/ HTTP/1.1" 200 2
INFO 2024-04-29 11:43:31,871 autoreload 266 E:\桌面\计算机\全栈\django\django项目\kefu\kefu\settings.py changed, reloading.
INFO 2024-04-29 11:43:32,328 autoreload 668 Watching for file changes with StatReloader
INFO 2024-04-29 11:43:34,892 autoreload 668 Watching for file changes with StatReloader
INFO 2024-04-29 11:43:42,518 autoreload 266 E:\桌面\计算机\全栈\django\django项目\kefu\kefu\settings.py changed, reloading.
INFO 2024-04-29 11:43:42,969 autoreload 668 Watching for file changes with StatReloader
INFO 2024-04-29 11:44:03,855 autoreload 668 Watching for file changes with StatReloader
WARNING 2024-04-29 11:44:06,371 log 241 Not Found: /
WARNING 2024-04-29 11:44:06,371 basehttp 212 "GET / HTTP/1.1" 404 2397
WARNING 2024-04-29 11:44:06,376 log 241 Not Found: /
WARNING 2024-04-29 11:44:06,377 basehttp 212 "GET / HTTP/1.1" 404 2397
INFO 2024-04-29 11:44:09,768 basehttp 212 "GET /home/ HTTP/1.1" 200 10227
INFO 2024-04-29 11:44:09,882 basehttp 212 "GET /static/js/new_scripy.js HTTP/1.1" 304 0
INFO 2024-04-29 11:44:21,085 basehttp 212 "POST /data_info/ HTTP/1.1" 200 2
INFO 2024-04-29 11:45:03,269 autoreload 266 E:\桌面\计算机\全栈\django\django项目\kefu\kefu\settings.py changed, reloading.
INFO 2024-04-29 11:45:03,794 autoreload 668 Watching for file changes with StatReloader
INFO 2024-04-29 22:57:17,114 autoreload 668 Watching for file changes with StatReloader
INFO 2024-04-29 22:57:38,499 autoreload 668 Watching for file changes with StatReloader
WARNING 2024-04-29 22:57:44,848 log 241 Not Found: /
WARNING 2024-04-29 22:57:44,849 basehttp 212 "GET / HTTP/1.1" 404 2397
WARNING 2024-04-29 22:57:44,855 log 241 Not Found: /
WARNING 2024-04-29 22:57:44,856 basehttp 212 "GET / HTTP/1.1" 404 2397
WARNING 2024-04-29 22:57:44,951 log 241 Not Found: /favicon.ico
WARNING 2024-04-29 22:57:44,953 basehttp 212 "GET /favicon.ico HTTP/1.1" 404 2448
WARNING 2024-04-29 22:57:44,957 log 241 Not Found: /favicon.ico
WARNING 2024-04-29 22:57:44,958 basehttp 212 "GET /favicon.ico HTTP/1.1" 404 2448
INFO 2024-04-29 22:57:52,616 basehttp 212 "GET /home HTTP/1.1" 301 0
INFO 2024-04-29 22:57:52,881 basehttp 212 "GET /home/ HTTP/1.1" 200 10227
INFO 2024-04-29 22:57:53,205 basehttp 212 "GET /static/css/reset.css HTTP/1.1" 200 1317
INFO 2024-04-29 22:57:53,209 basehttp 212 "GET /static/js/new_scripy.js HTTP/1.1" 200 474
INFO 2024-04-29 22:57:53,213 basehttp 212 "GET /static/assets/newp.jpg HTTP/1.1" 200 27272
INFO 2024-04-29 22:57:53,218 basehttp 212 "GET /static/bootstrap/bootstrap.min.js HTTP/1.1" 200 59177
INFO 2024-04-29 22:57:53,263 basehttp 212 "GET /static/bootstrap/bootstrap.min.css HTTP/1.1" 200 201650
INFO 2024-04-29 22:57:53,436 basehttp 212 "GET /static/jquery.js HTTP/1.1" 200 293072
INFO 2024-04-29 22:57:54,379 basehttp 212 "GET /static/assets/images/980.jpg HTTP/1.1" 200 188258
INFO 2024-04-29 22:58:51,178 autoreload 266 E:\桌面\计算机\全栈\django\django项目\kefu\kefu\settings.py changed, reloading.
INFO 2024-04-29 22:58:51,584 autoreload 668 Watching for file changes with StatReloader
